[2026-06-18 00:53:44Z INFO HostContext] No proxy settings were found based on environmental variables (http_proxy/https_proxy/HTTP_PROXY/HTTPS_PROXY)
[2026-06-18 00:53:44Z INFO HostContext] Well known directory 'Bin': 'C:\Users\leona\Documents\POS\Projetos\desafio-final-disciplina\bin'
[2026-06-18 00:53:44Z INFO HostContext] Well known directory 'Root': 'C:\Users\leona\Documents\POS\Projetos\desafio-final-disciplina'
[2026-06-18 00:53:44Z INFO HostContext] Well known config file 'Credentials': 'C:\Users\leona\Documents\POS\Projetos\desafio-final-disciplina\.credentials'
[2026-06-18 00:53:44Z INFO HostContext] Well known directory 'Bin': 'C:\Users\leona\Documents\POS\Projetos\desafio-final-disciplina\bin'
[2026-06-18 00:53:44Z INFO HostContext] Well known directory 'Root': 'C:\Users\leona\Documents\POS\Projetos\desafio-final-disciplina'
[2026-06-18 00:53:44Z INFO HostContext] Well known config file 'Runner': 'C:\Users\leona\Documents\POS\Projetos\desafio-final-disciplina\.runner'
[2026-06-18 00:53:44Z INFO Listener] Runner is built for Windows (X64) - win-x64.
[2026-06-18 00:53:44Z INFO Listener] RuntimeInformation: Microsoft Windows 10.0.26200.
[2026-06-18 00:53:45Z INFO Listener] Version: 2.335.1
[2026-06-18 00:53:45Z INFO Listener] Commit: 7d737449ef346f6524f75688d0c9c95fa10ba10a
[2026-06-18 00:53:45Z INFO Listener] Culture: pt-BR
[2026-06-18 00:53:45Z INFO Listener] UI Culture: pt-BR
[2026-06-18 00:53:45Z INFO HostContext] Well known directory 'Bin': 'C:\Users\leona\Documents\POS\Projetos\desafio-final-disciplina\bin'
[2026-06-18 00:53:45Z INFO HostContext] Well known directory 'Root': 'C:\Users\leona\Documents\POS\Projetos\desafio-final-disciplina'
[2026-06-18 00:53:45Z INFO Listener] Validating directory permissions for: 'C:\Users\leona\Documents\POS\Projetos\desafio-final-disciplina'
[2026-06-18 00:53:45Z INFO CommandLineParser] Parse
[2026-06-18 00:53:45Z INFO CommandLineParser] Parsing 5 args
[2026-06-18 00:53:45Z INFO CommandLineParser] parsing argument
[2026-06-18 00:53:45Z INFO CommandLineParser] HasArgs: False
[2026-06-18 00:53:45Z INFO CommandLineParser] Adding Command: configure
[2026-06-18 00:53:45Z INFO CommandLineParser] parsing argument
[2026-06-18 00:53:45Z INFO CommandLineParser] HasArgs: True
[2026-06-18 00:53:45Z INFO CommandLineParser] arg: url
[2026-06-18 00:53:45Z INFO CommandLineParser] parsing argument
[2026-06-18 00:53:45Z INFO CommandLineParser] HasArgs: True
[2026-06-18 00:53:45Z INFO CommandLineParser] Adding option 'url': 'https://github.com/leonardodms111/pos-intContinua-multiplasExecs'
[2026-06-18 00:53:45Z INFO CommandLineParser] parsing argument
[2026-06-18 00:53:45Z INFO CommandLineParser] HasArgs: True
[2026-06-18 00:53:45Z INFO CommandLineParser] arg: token
[2026-06-18 00:53:45Z INFO CommandLineParser] parsing argument
[2026-06-18 00:53:45Z INFO CommandLineParser] HasArgs: True
[2026-06-18 00:53:45Z INFO CommandLineParser] Adding option 'token': '***'
[2026-06-18 00:53:45Z INFO Listener] Arguments parsed
[2026-06-18 00:53:45Z INFO Runner] ExecuteCommand
[2026-06-18 00:53:45Z INFO ConfigurationStore] currentAssemblyLocation: C:\Users\leona\Documents\POS\Projetos\desafio-final-disciplina\bin\Runner.Listener.dll
[2026-06-18 00:53:45Z INFO HostContext] Well known directory 'Bin': 'C:\Users\leona\Documents\POS\Projetos\desafio-final-disciplina\bin'
[2026-06-18 00:53:45Z INFO ConfigurationStore] binPath: C:\Users\leona\Documents\POS\Projetos\desafio-final-disciplina\bin
[2026-06-18 00:53:45Z INFO HostContext] Well known directory 'Bin': 'C:\Users\leona\Documents\POS\Projetos\desafio-final-disciplina\bin'
[2026-06-18 00:53:45Z INFO HostContext] Well known directory 'Root': 'C:\Users\leona\Documents\POS\Projetos\desafio-final-disciplina'
[2026-06-18 00:53:45Z INFO ConfigurationStore] RootFolder: C:\Users\leona\Documents\POS\Projetos\desafio-final-disciplina
[2026-06-18 00:53:45Z INFO HostContext] Well known directory 'Bin': 'C:\Users\leona\Documents\POS\Projetos\desafio-final-disciplina\bin'
[2026-06-18 00:53:45Z INFO HostContext] Well known directory 'Root': 'C:\Users\leona\Documents\POS\Projetos\desafio-final-disciplina'
[2026-06-18 00:53:45Z INFO HostContext] Well known config file 'Runner': 'C:\Users\leona\Documents\POS\Projetos\desafio-final-disciplina\.runner'
[2026-06-18 00:53:45Z INFO ConfigurationStore] ConfigFilePath: C:\Users\leona\Documents\POS\Projetos\desafio-final-disciplina\.runner
[2026-06-18 00:53:45Z INFO HostContext] Well known directory 'Bin': 'C:\Users\leona\Documents\POS\Projetos\desafio-final-disciplina\bin'
[2026-06-18 00:53:45Z INFO HostContext] Well known directory 'Root': 'C:\Users\leona\Documents\POS\Projetos\desafio-final-disciplina'
[2026-06-18 00:53:45Z INFO HostContext] Well known config file 'MigratedRunner': 'C:\Users\leona\Documents\POS\Projetos\desafio-final-disciplina\.runner_migrated'
[2026-06-18 00:53:45Z INFO ConfigurationStore] MigratedConfigFilePath: C:\Users\leona\Documents\POS\Projetos\desafio-final-disciplina\.runner_migrated
[2026-06-18 00:53:45Z INFO HostContext] Well known directory 'Bin': 'C:\Users\leona\Documents\POS\Projetos\desafio-final-disciplina\bin'
[2026-06-18 00:53:45Z INFO HostContext] Well known directory 'Root': 'C:\Users\leona\Documents\POS\Projetos\desafio-final-disciplina'
[2026-06-18 00:53:45Z INFO HostContext] Well known config file 'Credentials': 'C:\Users\leona\Documents\POS\Projetos\desafio-final-disciplina\.credentials'
[2026-06-18 00:53:45Z INFO ConfigurationStore] CredFilePath: C:\Users\leona\Documents\POS\Projetos\desafio-final-disciplina\.credentials
[2026-06-18 00:53:45Z INFO HostContext] Well known directory 'Bin': 'C:\Users\leona\Documents\POS\Projetos\desafio-final-disciplina\bin'
[2026-06-18 00:53:45Z INFO HostContext] Well known directory 'Root': 'C:\Users\leona\Documents\POS\Projetos\desafio-final-disciplina'
[2026-06-18 00:53:45Z INFO HostContext] Well known config file 'MigratedCredentials': 'C:\Users\leona\Documents\POS\Projetos\desafio-final-disciplina\.credentials_migrated'
[2026-06-18 00:53:45Z INFO ConfigurationStore] MigratedCredFilePath: C:\Users\leona\Documents\POS\Projetos\desafio-final-disciplina\.credentials_migrated
[2026-06-18 00:53:45Z INFO HostContext] Well known directory 'Bin': 'C:\Users\leona\Documents\POS\Projetos\desafio-final-disciplina\bin'
[2026-06-18 00:53:45Z INFO HostContext] Well known directory 'Root': 'C:\Users\leona\Documents\POS\Projetos\desafio-final-disciplina'
[2026-06-18 00:53:45Z INFO HostContext] Well known config file 'Service': 'C:\Users\leona\Documents\POS\Projetos\desafio-final-disciplina\.service'
[2026-06-18 00:53:45Z INFO ConfigurationStore] ServiceConfigFilePath: C:\Users\leona\Documents\POS\Projetos\desafio-final-disciplina\.service
[2026-06-18 00:53:45Z INFO CommandSettings] Flag 'help': 'False'
[2026-06-18 00:53:45Z INFO CommandSettings] Flag 'version': 'False'
[2026-06-18 00:53:45Z INFO CommandSettings] Flag 'commit': 'False'
[2026-06-18 00:53:45Z INFO CommandSettings] Flag 'check': 'False'
[2026-06-18 00:53:45Z INFO CommandSettings] Command 'configure': 'True'
[2026-06-18 00:53:45Z INFO Terminal] WRITE LINE: 
[2026-06-18 00:53:45Z INFO Terminal] WRITE LINE: --------------------------------------------------------------------------------
[2026-06-18 00:53:45Z INFO Terminal] WRITE LINE: |        ____ _ _   _   _       _          _        _   _                      |
[2026-06-18 00:53:45Z INFO Terminal] WRITE LINE: |       / ___(_) |_| | | |_   _| |__      / \   ___| |_(_) ___  _ __  ___      |
[2026-06-18 00:53:45Z INFO Terminal] WRITE LINE: |      | |  _| | __| |_| | | | | '_ \    / _ \ / __| __| |/ _ \| '_ \/ __|     |
[2026-06-18 00:53:45Z INFO Terminal] WRITE LINE: |      | |_| | | |_|  _  | |_| | |_) |  / ___ \ (__| |_| | (_) | | | \__ \     |
[2026-06-18 00:53:45Z INFO Terminal] WRITE LINE: |       \____|_|\__|_| |_|\__,_|_.__/  /_/   \_\___|\__|_|\___/|_| |_|___/     |
[2026-06-18 00:53:45Z INFO Terminal] WRITE LINE: |                                                                              |
[2026-06-18 00:53:45Z INFO Terminal] WRITE: |                       
[2026-06-18 00:53:45Z INFO Terminal] WRITE: Self-hosted runner registration
[2026-06-18 00:53:45Z INFO Terminal] WRITE LINE:                         |
[2026-06-18 00:53:45Z INFO Terminal] WRITE LINE: |                                                                              |
[2026-06-18 00:53:45Z INFO Terminal] WRITE LINE: --------------------------------------------------------------------------------
[2026-06-18 00:53:45Z INFO ConfigurationManager] ConfigureAsync
[2026-06-18 00:53:45Z INFO CommandSettings] Flag 'generateServiceConfig': 'False'
[2026-06-18 00:53:45Z INFO ConfigurationStore] IsConfigured()
[2026-06-18 00:53:45Z INFO ConfigurationStore] IsConfigured: False
[2026-06-18 00:53:45Z INFO ConfigurationManager] Is configured: False
[2026-06-18 00:53:45Z INFO CommandSettings] Arg 'url': 'https://github.com/leonardodms111/pos-intContinua-multiplasExecs'
[2026-06-18 00:53:45Z INFO CommandSettings] Remove url from Arg dictionary.
[2026-06-18 00:53:45Z INFO CommandSettings] Arg 'token': '***'
[2026-06-18 00:53:45Z INFO CommandSettings] Remove token from Arg dictionary.
[2026-06-18 00:53:48Z INFO ConfigurationManager] Http response code: OK from 'POST https://api.github.com/actions/runner-registration' (D398:1C7227:765CA7:7DDCD6:6A33419B)
[2026-06-18 00:53:48Z INFO ConfigurationManager] Using runner-admin flow: False
[2026-06-18 00:53:48Z INFO ConfigurationManager] cred retrieved via GitHub auth
[2026-06-18 00:53:48Z INFO RunnerServer] EstablishVssConnection
[2026-06-18 00:53:48Z INFO RunnerServer] Establish connection with 100 seconds timeout.
[2026-06-18 00:53:48Z INFO GitHubActionsService] Starting operation Location.GetConnectionData
[2026-06-18 00:53:48Z INFO RunnerServer] EstablishVssConnection
[2026-06-18 00:53:48Z INFO RunnerServer] Establish connection with 60 seconds timeout.
[2026-06-18 00:53:48Z INFO GitHubActionsService] Starting operation Location.GetConnectionData
[2026-06-18 00:53:48Z INFO RunnerServer] EstablishVssConnection
[2026-06-18 00:53:48Z INFO RunnerServer] Establish connection with 60 seconds timeout.
[2026-06-18 00:53:48Z INFO GitHubActionsService] Starting operation Location.GetConnectionData
[2026-06-18 00:53:49Z INFO GitHubActionsService] Finished operation Location.GetConnectionData
[2026-06-18 00:53:49Z INFO GitHubActionsService] Finished operation Location.GetConnectionData
[2026-06-18 00:53:49Z INFO GitHubActionsService] Finished operation Location.GetConnectionData
[2026-06-18 00:53:49Z INFO Terminal] WRITE LINE: 
[2026-06-18 00:53:49Z INFO ConfigurationManager] Test Connection complete.
[2026-06-18 00:53:49Z INFO HostContext] Well known directory 'Bin': 'C:\Users\leona\Documents\POS\Projetos\desafio-final-disciplina\bin'
[2026-06-18 00:53:49Z INFO HostContext] Well known directory 'Root': 'C:\Users\leona\Documents\POS\Projetos\desafio-final-disciplina'
[2026-06-18 00:53:49Z INFO HostContext] Well known config file 'RSACredentials': 'C:\Users\leona\Documents\POS\Projetos\desafio-final-disciplina\.credentials_rsaparams'
[2026-06-18 00:53:49Z INFO RSAEncryptedFileKeyManager] Creating new RSA key using 2048-bit key length
[2026-06-18 00:53:49Z INFO RSAEncryptedFileKeyManager] Successfully saved RSA key parameters to file C:\Users\leona\Documents\POS\Projetos\desafio-final-disciplina\.credentials_rsaparams
[2026-06-18 00:53:50Z INFO CommandSettings] Arg 'runnergroup': ''
[2026-06-18 00:53:50Z INFO CommandSettings] Flag 'unattended': 'False'
[2026-06-18 00:53:50Z INFO PromptManager] ReadValue
[2026-06-18 00:53:50Z INFO Terminal] WRITE: Enter the name of the runner group to add this runner to: 
[2026-06-18 00:53:50Z INFO Terminal] WRITE: [press Enter for Default] 
[2026-06-18 00:53:50Z INFO Terminal] READ LINE
[2026-06-18 00:53:54Z INFO Terminal] Read value: ''
[2026-06-18 00:53:54Z INFO PromptManager] Falling back to the default: 'Default'
[2026-06-18 00:53:54Z INFO Terminal] WRITE LINE: 
[2026-06-18 00:53:54Z INFO ConfigurationManager] Found a self-hosted runner group with id 1 and name Default
[2026-06-18 00:53:54Z INFO CommandSettings] Flag 'disableupdate': 'False'
[2026-06-18 00:53:54Z INFO CommandSettings] Flag 'ephemeral': 'False'
[2026-06-18 00:53:54Z INFO CommandSettings] Arg 'name': ''
[2026-06-18 00:53:54Z INFO CommandSettings] Flag 'unattended': 'False'
[2026-06-18 00:53:54Z INFO PromptManager] ReadValue
[2026-06-18 00:53:54Z INFO Terminal] WRITE: Enter the name of runner: 
[2026-06-18 00:53:54Z INFO Terminal] WRITE: [press Enter for LEONARDO] 
[2026-06-18 00:53:54Z INFO Terminal] READ LINE
[2026-06-18 00:53:58Z INFO Terminal] Read value: ''
[2026-06-18 00:53:58Z INFO PromptManager] Falling back to the default: 'LEONARDO'
[2026-06-18 00:53:58Z INFO Terminal] WRITE LINE: 
[2026-06-18 00:53:58Z INFO CommandSettings] Arg 'labels': ''
[2026-06-18 00:53:58Z INFO CommandSettings] Flag 'unattended': 'False'
[2026-06-18 00:53:58Z INFO PromptManager] ReadValue
[2026-06-18 00:53:58Z INFO Terminal] WRITE: This runner will have the following labels: 'self-hosted', 'Windows', 'X64' 
Enter any additional labels (ex. label-1,label-2): 
[2026-06-18 00:53:58Z INFO Terminal] WRITE: [press Enter to skip] 
[2026-06-18 00:53:58Z INFO Terminal] READ LINE
[2026-06-18 00:54:07Z INFO Terminal] Read value: ''
[2026-06-18 00:54:07Z INFO Terminal] WRITE LINE: 
[2026-06-18 00:54:07Z INFO CommandSettings] Flag 'disableupdate': 'False'
[2026-06-18 00:54:07Z INFO CommandSettings] Flag 'no-default-labels': 'False'
[2026-06-18 00:54:08Z INFO CommandSettings] Flag 'disableupdate': 'False'
[2026-06-18 00:54:08Z INFO CommandSettings] Flag 'ephemeral': 'False'
[2026-06-18 00:54:08Z INFO ConfigurationStore] Saving OAuth credential @ C:\Users\leona\Documents\POS\Projetos\desafio-final-disciplina\.credentials
[2026-06-18 00:54:08Z INFO ConfigurationStore] Credentials Saved.
[2026-06-18 00:54:08Z INFO ConfigurationManager] Service enforced serverUrlV2: https://broker.actions.githubusercontent.com/
[2026-06-18 00:54:08Z INFO ConfigurationManager] Service enforced useV2Flow: True
[2026-06-18 00:54:08Z INFO CommandSettings] Arg 'work': ''
[2026-06-18 00:54:08Z INFO CommandSettings] Flag 'unattended': 'False'
[2026-06-18 00:54:08Z INFO PromptManager] ReadValue
[2026-06-18 00:54:08Z INFO Terminal] WRITE: Enter name of work folder: 
[2026-06-18 00:54:08Z INFO Terminal] WRITE: [press Enter for _work] 
[2026-06-18 00:54:08Z INFO Terminal] READ LINE
[2026-06-18 00:54:16Z INFO Terminal] Read value: './run.cmd'
[2026-06-18 00:54:16Z INFO ConfigurationStore] Saving runner settings.
[2026-06-18 00:54:16Z INFO ConfigurationStore] Settings Saved.
[2026-06-18 00:54:16Z INFO Terminal] WRITE LINE: 
[2026-06-18 00:54:16Z INFO Terminal] WRITE LINE: 
[2026-06-18 00:54:16Z INFO CommandSettings] Flag 'runasservice': 'False'
[2026-06-18 00:54:16Z INFO CommandSettings] Flag 'unattended': 'False'
[2026-06-18 00:54:16Z INFO PromptManager] ReadValue
[2026-06-18 00:54:16Z INFO Terminal] WRITE: Would you like to run the runner as service? (Y/N) 
[2026-06-18 00:54:16Z INFO Terminal] WRITE: [press Enter for N] 
[2026-06-18 00:54:16Z INFO Terminal] READ LINE
[2026-06-18 00:54:25Z INFO Terminal] Read value: 'N'
[2026-06-18 00:54:25Z INFO Listener] Runner execution has finished with return code 0
