[2026-06-18 00:55:41Z INFO HostContext] No proxy settings were found based on environmental variables (http_proxy/https_proxy/HTTP_PROXY/HTTPS_PROXY)
[2026-06-18 00:55:41Z INFO HostContext] Well known directory 'Bin': 'C:\Users\leona\Documents\POS\Projetos\desafio-final-disciplina\bin'
[2026-06-18 00:55:41Z INFO HostContext] Well known directory 'Root': 'C:\Users\leona\Documents\POS\Projetos\desafio-final-disciplina'
[2026-06-18 00:55:41Z INFO HostContext] Well known config file 'Credentials': 'C:\Users\leona\Documents\POS\Projetos\desafio-final-disciplina\.credentials'
[2026-06-18 00:55:41Z INFO HostContext] Well known directory 'Bin': 'C:\Users\leona\Documents\POS\Projetos\desafio-final-disciplina\bin'
[2026-06-18 00:55:41Z INFO HostContext] Well known directory 'Root': 'C:\Users\leona\Documents\POS\Projetos\desafio-final-disciplina'
[2026-06-18 00:55:41Z INFO HostContext] Well known config file 'Runner': 'C:\Users\leona\Documents\POS\Projetos\desafio-final-disciplina\.runner'
[2026-06-18 00:55:41Z INFO Listener] Runner is built for Windows (X64) - win-x64.
[2026-06-18 00:55:41Z INFO Listener] RuntimeInformation: Microsoft Windows 10.0.26200.
[2026-06-18 00:55:41Z INFO Listener] Version: 2.335.1
[2026-06-18 00:55:41Z INFO Listener] Commit: 7d737449ef346f6524f75688d0c9c95fa10ba10a
[2026-06-18 00:55:41Z INFO Listener] Culture: pt-BR
[2026-06-18 00:55:41Z INFO Listener] UI Culture: pt-BR
[2026-06-18 00:55:41Z INFO HostContext] Well known directory 'Bin': 'C:\Users\leona\Documents\POS\Projetos\desafio-final-disciplina\bin'
[2026-06-18 00:55:41Z INFO HostContext] Well known directory 'Root': 'C:\Users\leona\Documents\POS\Projetos\desafio-final-disciplina'
[2026-06-18 00:55:41Z INFO Listener] Validating directory permissions for: 'C:\Users\leona\Documents\POS\Projetos\desafio-final-disciplina'
[2026-06-18 00:55:41Z INFO CommandLineParser] Parse
[2026-06-18 00:55:41Z INFO CommandLineParser] Parsing 5 args
[2026-06-18 00:55:41Z INFO CommandLineParser] parsing argument
[2026-06-18 00:55:41Z INFO CommandLineParser] HasArgs: False
[2026-06-18 00:55:41Z INFO CommandLineParser] Adding Command: configure
[2026-06-18 00:55:41Z INFO CommandLineParser] parsing argument
[2026-06-18 00:55:41Z INFO CommandLineParser] HasArgs: True
[2026-06-18 00:55:41Z INFO CommandLineParser] arg: url
[2026-06-18 00:55:41Z INFO CommandLineParser] parsing argument
[2026-06-18 00:55:41Z INFO CommandLineParser] HasArgs: True
[2026-06-18 00:55:41Z INFO CommandLineParser] Adding option 'url': 'https://github.com/leonardodms111/pos-intContinua-multiplasExecs'
[2026-06-18 00:55:41Z INFO CommandLineParser] parsing argument
[2026-06-18 00:55:41Z INFO CommandLineParser] HasArgs: True
[2026-06-18 00:55:41Z INFO CommandLineParser] arg: token
[2026-06-18 00:55:41Z INFO CommandLineParser] parsing argument
[2026-06-18 00:55:41Z INFO CommandLineParser] HasArgs: True
[2026-06-18 00:55:41Z INFO CommandLineParser] Adding option 'token': '***'
[2026-06-18 00:55:41Z INFO Listener] Arguments parsed
[2026-06-18 00:55:41Z INFO Runner] ExecuteCommand
[2026-06-18 00:55:41Z INFO ConfigurationStore] currentAssemblyLocation: C:\Users\leona\Documents\POS\Projetos\desafio-final-disciplina\bin\Runner.Listener.dll
[2026-06-18 00:55:41Z INFO HostContext] Well known directory 'Bin': 'C:\Users\leona\Documents\POS\Projetos\desafio-final-disciplina\bin'
[2026-06-18 00:55:41Z INFO ConfigurationStore] binPath: C:\Users\leona\Documents\POS\Projetos\desafio-final-disciplina\bin
[2026-06-18 00:55:41Z INFO HostContext] Well known directory 'Bin': 'C:\Users\leona\Documents\POS\Projetos\desafio-final-disciplina\bin'
[2026-06-18 00:55:41Z INFO HostContext] Well known directory 'Root': 'C:\Users\leona\Documents\POS\Projetos\desafio-final-disciplina'
[2026-06-18 00:55:41Z INFO ConfigurationStore] RootFolder: C:\Users\leona\Documents\POS\Projetos\desafio-final-disciplina
[2026-06-18 00:55:41Z INFO HostContext] Well known directory 'Bin': 'C:\Users\leona\Documents\POS\Projetos\desafio-final-disciplina\bin'
[2026-06-18 00:55:41Z INFO HostContext] Well known directory 'Root': 'C:\Users\leona\Documents\POS\Projetos\desafio-final-disciplina'
[2026-06-18 00:55:41Z INFO HostContext] Well known config file 'Runner': 'C:\Users\leona\Documents\POS\Projetos\desafio-final-disciplina\.runner'
[2026-06-18 00:55:41Z INFO ConfigurationStore] ConfigFilePath: C:\Users\leona\Documents\POS\Projetos\desafio-final-disciplina\.runner
[2026-06-18 00:55:41Z INFO HostContext] Well known directory 'Bin': 'C:\Users\leona\Documents\POS\Projetos\desafio-final-disciplina\bin'
[2026-06-18 00:55:41Z INFO HostContext] Well known directory 'Root': 'C:\Users\leona\Documents\POS\Projetos\desafio-final-disciplina'
[2026-06-18 00:55:41Z INFO HostContext] Well known config file 'MigratedRunner': 'C:\Users\leona\Documents\POS\Projetos\desafio-final-disciplina\.runner_migrated'
[2026-06-18 00:55:41Z INFO ConfigurationStore] MigratedConfigFilePath: C:\Users\leona\Documents\POS\Projetos\desafio-final-disciplina\.runner_migrated
[2026-06-18 00:55:41Z INFO HostContext] Well known directory 'Bin': 'C:\Users\leona\Documents\POS\Projetos\desafio-final-disciplina\bin'
[2026-06-18 00:55:41Z INFO HostContext] Well known directory 'Root': 'C:\Users\leona\Documents\POS\Projetos\desafio-final-disciplina'
[2026-06-18 00:55:41Z INFO HostContext] Well known config file 'Credentials': 'C:\Users\leona\Documents\POS\Projetos\desafio-final-disciplina\.credentials'
[2026-06-18 00:55:41Z INFO ConfigurationStore] CredFilePath: C:\Users\leona\Documents\POS\Projetos\desafio-final-disciplina\.credentials
[2026-06-18 00:55:41Z INFO HostContext] Well known directory 'Bin': 'C:\Users\leona\Documents\POS\Projetos\desafio-final-disciplina\bin'
[2026-06-18 00:55:41Z INFO HostContext] Well known directory 'Root': 'C:\Users\leona\Documents\POS\Projetos\desafio-final-disciplina'
[2026-06-18 00:55:41Z INFO HostContext] Well known config file 'MigratedCredentials': 'C:\Users\leona\Documents\POS\Projetos\desafio-final-disciplina\.credentials_migrated'
[2026-06-18 00:55:41Z INFO ConfigurationStore] MigratedCredFilePath: C:\Users\leona\Documents\POS\Projetos\desafio-final-disciplina\.credentials_migrated
[2026-06-18 00:55:41Z INFO HostContext] Well known directory 'Bin': 'C:\Users\leona\Documents\POS\Projetos\desafio-final-disciplina\bin'
[2026-06-18 00:55:41Z INFO HostContext] Well known directory 'Root': 'C:\Users\leona\Documents\POS\Projetos\desafio-final-disciplina'
[2026-06-18 00:55:41Z INFO HostContext] Well known config file 'Service': 'C:\Users\leona\Documents\POS\Projetos\desafio-final-disciplina\.service'
[2026-06-18 00:55:41Z INFO ConfigurationStore] ServiceConfigFilePath: C:\Users\leona\Documents\POS\Projetos\desafio-final-disciplina\.service
[2026-06-18 00:55:41Z INFO CommandSettings] Flag 'help': 'False'
[2026-06-18 00:55:41Z INFO CommandSettings] Flag 'version': 'False'
[2026-06-18 00:55:41Z INFO CommandSettings] Flag 'commit': 'False'
[2026-06-18 00:55:41Z INFO CommandSettings] Flag 'check': 'False'
[2026-06-18 00:55:41Z INFO CommandSettings] Command 'configure': 'True'
[2026-06-18 00:55:41Z INFO Terminal] WRITE LINE: 
[2026-06-18 00:55:41Z INFO Terminal] WRITE LINE: --------------------------------------------------------------------------------
[2026-06-18 00:55:41Z INFO Terminal] WRITE LINE: |        ____ _ _   _   _       _          _        _   _                      |
[2026-06-18 00:55:41Z INFO Terminal] WRITE LINE: |       / ___(_) |_| | | |_   _| |__      / \   ___| |_(_) ___  _ __  ___      |
[2026-06-18 00:55:41Z INFO Terminal] WRITE LINE: |      | |  _| | __| |_| | | | | '_ \    / _ \ / __| __| |/ _ \| '_ \/ __|     |
[2026-06-18 00:55:41Z INFO Terminal] WRITE LINE: |      | |_| | | |_|  _  | |_| | |_) |  / ___ \ (__| |_| | (_) | | | \__ \     |
[2026-06-18 00:55:41Z INFO Terminal] WRITE LINE: |       \____|_|\__|_| |_|\__,_|_.__/  /_/   \_\___|\__|_|\___/|_| |_|___/     |
[2026-06-18 00:55:41Z INFO Terminal] WRITE LINE: |                                                                              |
[2026-06-18 00:55:41Z INFO Terminal] WRITE: |                       
[2026-06-18 00:55:41Z INFO Terminal] WRITE: Self-hosted runner registration
[2026-06-18 00:55:41Z INFO Terminal] WRITE LINE:                         |
[2026-06-18 00:55:41Z INFO Terminal] WRITE LINE: |                                                                              |
[2026-06-18 00:55:41Z INFO Terminal] WRITE LINE: --------------------------------------------------------------------------------
[2026-06-18 00:55:41Z INFO ConfigurationManager] ConfigureAsync
[2026-06-18 00:55:41Z INFO CommandSettings] Flag 'generateServiceConfig': 'False'
[2026-06-18 00:55:41Z INFO ConfigurationStore] IsConfigured()
[2026-06-18 00:55:41Z INFO ConfigurationStore] IsConfigured: True
[2026-06-18 00:55:41Z INFO ConfigurationManager] Is configured: True
[2026-06-18 00:55:41Z ERR  Runner] System.InvalidOperationException: Cannot configure the runner because it is already configured. To reconfigure the runner, run 'config.cmd remove' or './config.sh remove' first.
   at GitHub.Runner.Listener.Configuration.ConfigurationManager.ConfigureAsync(CommandSettings command)
   at GitHub.Runner.Listener.Runner.ExecuteCommand(CommandSettings command)
[2026-06-18 00:55:41Z ERR  Terminal] WRITE ERROR: Cannot configure the runner because it is already configured. To reconfigure the runner, run 'config.cmd remove' or './config.sh remove' first.
[2026-06-18 00:55:41Z INFO Listener] Runner execution has finished with return code 1
