[2026-06-18 01:01:37Z INFO HostContext] No proxy settings were found based on environmental variables (http_proxy/https_proxy/HTTP_PROXY/HTTPS_PROXY)
[2026-06-18 01:01:37Z INFO HostContext] Well known directory 'Bin': 'C:\Users\leona\Documents\POS\Projetos\desafio-final-disciplina\bin'
[2026-06-18 01:01:37Z INFO HostContext] Well known directory 'Root': 'C:\Users\leona\Documents\POS\Projetos\desafio-final-disciplina'
[2026-06-18 01:01:37Z INFO HostContext] Well known config file 'Credentials': 'C:\Users\leona\Documents\POS\Projetos\desafio-final-disciplina\.credentials'
[2026-06-18 01:01:37Z INFO HostContext] Well known directory 'Bin': 'C:\Users\leona\Documents\POS\Projetos\desafio-final-disciplina\bin'
[2026-06-18 01:01:37Z INFO HostContext] Well known directory 'Root': 'C:\Users\leona\Documents\POS\Projetos\desafio-final-disciplina'
[2026-06-18 01:01:37Z INFO HostContext] Well known config file 'Runner': 'C:\Users\leona\Documents\POS\Projetos\desafio-final-disciplina\.runner'
[2026-06-18 01:01:37Z INFO Listener] Runner is built for Windows (X64) - win-x64.
[2026-06-18 01:01:37Z INFO Listener] RuntimeInformation: Microsoft Windows 10.0.26200.
[2026-06-18 01:01:37Z INFO Listener] Version: 2.335.1
[2026-06-18 01:01:37Z INFO Listener] Commit: 7d737449ef346f6524f75688d0c9c95fa10ba10a
[2026-06-18 01:01:37Z INFO Listener] Culture: pt-BR
[2026-06-18 01:01:37Z INFO Listener] UI Culture: pt-BR
[2026-06-18 01:01:37Z INFO HostContext] Well known directory 'Bin': 'C:\Users\leona\Documents\POS\Projetos\desafio-final-disciplina\bin'
[2026-06-18 01:01:37Z INFO HostContext] Well known directory 'Root': 'C:\Users\leona\Documents\POS\Projetos\desafio-final-disciplina'
[2026-06-18 01:01:37Z INFO Listener] Validating directory permissions for: 'C:\Users\leona\Documents\POS\Projetos\desafio-final-disciplina'
[2026-06-18 01:01:37Z INFO CommandLineParser] Parse
[2026-06-18 01:01:37Z INFO CommandLineParser] Parsing 1 args
[2026-06-18 01:01:37Z INFO CommandLineParser] parsing argument
[2026-06-18 01:01:37Z INFO CommandLineParser] HasArgs: False
[2026-06-18 01:01:37Z INFO CommandLineParser] Adding Command: remove
[2026-06-18 01:01:37Z INFO Listener] Arguments parsed
[2026-06-18 01:01:37Z INFO Runner] ExecuteCommand
[2026-06-18 01:01:37Z INFO ConfigurationStore] currentAssemblyLocation: C:\Users\leona\Documents\POS\Projetos\desafio-final-disciplina\bin\Runner.Listener.dll
[2026-06-18 01:01:37Z INFO HostContext] Well known directory 'Bin': 'C:\Users\leona\Documents\POS\Projetos\desafio-final-disciplina\bin'
[2026-06-18 01:01:37Z INFO ConfigurationStore] binPath: C:\Users\leona\Documents\POS\Projetos\desafio-final-disciplina\bin
[2026-06-18 01:01:37Z INFO HostContext] Well known directory 'Bin': 'C:\Users\leona\Documents\POS\Projetos\desafio-final-disciplina\bin'
[2026-06-18 01:01:37Z INFO HostContext] Well known directory 'Root': 'C:\Users\leona\Documents\POS\Projetos\desafio-final-disciplina'
[2026-06-18 01:01:37Z INFO ConfigurationStore] RootFolder: C:\Users\leona\Documents\POS\Projetos\desafio-final-disciplina
[2026-06-18 01:01:37Z INFO HostContext] Well known directory 'Bin': 'C:\Users\leona\Documents\POS\Projetos\desafio-final-disciplina\bin'
[2026-06-18 01:01:37Z INFO HostContext] Well known directory 'Root': 'C:\Users\leona\Documents\POS\Projetos\desafio-final-disciplina'
[2026-06-18 01:01:37Z INFO HostContext] Well known config file 'Runner': 'C:\Users\leona\Documents\POS\Projetos\desafio-final-disciplina\.runner'
[2026-06-18 01:01:37Z INFO ConfigurationStore] ConfigFilePath: C:\Users\leona\Documents\POS\Projetos\desafio-final-disciplina\.runner
[2026-06-18 01:01:37Z INFO HostContext] Well known directory 'Bin': 'C:\Users\leona\Documents\POS\Projetos\desafio-final-disciplina\bin'
[2026-06-18 01:01:37Z INFO HostContext] Well known directory 'Root': 'C:\Users\leona\Documents\POS\Projetos\desafio-final-disciplina'
[2026-06-18 01:01:37Z INFO HostContext] Well known config file 'MigratedRunner': 'C:\Users\leona\Documents\POS\Projetos\desafio-final-disciplina\.runner_migrated'
[2026-06-18 01:01:37Z INFO ConfigurationStore] MigratedConfigFilePath: C:\Users\leona\Documents\POS\Projetos\desafio-final-disciplina\.runner_migrated
[2026-06-18 01:01:37Z INFO HostContext] Well known directory 'Bin': 'C:\Users\leona\Documents\POS\Projetos\desafio-final-disciplina\bin'
[2026-06-18 01:01:37Z INFO HostContext] Well known directory 'Root': 'C:\Users\leona\Documents\POS\Projetos\desafio-final-disciplina'
[2026-06-18 01:01:37Z INFO HostContext] Well known config file 'Credentials': 'C:\Users\leona\Documents\POS\Projetos\desafio-final-disciplina\.credentials'
[2026-06-18 01:01:37Z INFO ConfigurationStore] CredFilePath: C:\Users\leona\Documents\POS\Projetos\desafio-final-disciplina\.credentials
[2026-06-18 01:01:37Z INFO HostContext] Well known directory 'Bin': 'C:\Users\leona\Documents\POS\Projetos\desafio-final-disciplina\bin'
[2026-06-18 01:01:37Z INFO HostContext] Well known directory 'Root': 'C:\Users\leona\Documents\POS\Projetos\desafio-final-disciplina'
[2026-06-18 01:01:37Z INFO HostContext] Well known config file 'MigratedCredentials': 'C:\Users\leona\Documents\POS\Projetos\desafio-final-disciplina\.credentials_migrated'
[2026-06-18 01:01:37Z INFO ConfigurationStore] MigratedCredFilePath: C:\Users\leona\Documents\POS\Projetos\desafio-final-disciplina\.credentials_migrated
[2026-06-18 01:01:37Z INFO HostContext] Well known directory 'Bin': 'C:\Users\leona\Documents\POS\Projetos\desafio-final-disciplina\bin'
[2026-06-18 01:01:37Z INFO HostContext] Well known directory 'Root': 'C:\Users\leona\Documents\POS\Projetos\desafio-final-disciplina'
[2026-06-18 01:01:37Z INFO HostContext] Well known config file 'Service': 'C:\Users\leona\Documents\POS\Projetos\desafio-final-disciplina\.service'
[2026-06-18 01:01:37Z INFO ConfigurationStore] ServiceConfigFilePath: C:\Users\leona\Documents\POS\Projetos\desafio-final-disciplina\.service
[2026-06-18 01:01:37Z INFO CommandSettings] Flag 'help': 'False'
[2026-06-18 01:01:37Z INFO CommandSettings] Flag 'version': 'False'
[2026-06-18 01:01:37Z INFO CommandSettings] Flag 'commit': 'False'
[2026-06-18 01:01:37Z INFO CommandSettings] Flag 'check': 'False'
[2026-06-18 01:01:37Z INFO CommandSettings] Command 'configure': 'False'
[2026-06-18 01:01:37Z INFO CommandSettings] Command 'remove': 'True'
[2026-06-18 01:01:37Z INFO CommandSettings] Flag 'local': 'False'
[2026-06-18 01:01:37Z INFO ConfigurationStore] IsServiceConfigured()
[2026-06-18 01:01:37Z INFO ConfigurationStore] IsServiceConfigured: False
[2026-06-18 01:01:37Z INFO ConfigurationStore] IsConfigured()
[2026-06-18 01:01:37Z INFO ConfigurationStore] IsConfigured: True
[2026-06-18 01:01:37Z INFO ConfigurationStore] HasCredentials()
[2026-06-18 01:01:37Z INFO ConfigurationStore] stored True
[2026-06-18 01:01:37Z INFO ConfigurationStore] Read setting file: 421 chars
[2026-06-18 01:01:37Z INFO CommandSettings] Arg 'token': ''
[2026-06-18 01:01:37Z INFO CommandSettings] Flag 'unattended': 'False'
[2026-06-18 01:01:37Z INFO PromptManager] ReadValue
[2026-06-18 01:01:37Z INFO Terminal] WRITE: Enter runner remove token: 
[2026-06-18 01:01:37Z INFO Terminal] READ SECRET
[2026-06-18 01:02:05Z INFO Terminal] Read value: '***'
[2026-06-18 01:02:05Z INFO ConfigurationManager] Http response code: OK from 'POST https://api.github.com/actions/runner-registration' (EFBC:11239D:7A584B:820C7C:6A33438D)
[2026-06-18 01:02:05Z INFO ConfigurationManager] cred retrieved via GitHub auth
[2026-06-18 01:02:05Z INFO RunnerServer] EstablishVssConnection
[2026-06-18 01:02:05Z INFO RunnerServer] Establish connection with 100 seconds timeout.
[2026-06-18 01:02:05Z INFO GitHubActionsService] Starting operation Location.GetConnectionData
[2026-06-18 01:02:05Z INFO RunnerServer] EstablishVssConnection
[2026-06-18 01:02:05Z INFO RunnerServer] Establish connection with 60 seconds timeout.
[2026-06-18 01:02:05Z INFO GitHubActionsService] Starting operation Location.GetConnectionData
[2026-06-18 01:02:05Z INFO RunnerServer] EstablishVssConnection
[2026-06-18 01:02:05Z INFO RunnerServer] Establish connection with 60 seconds timeout.
[2026-06-18 01:02:05Z INFO GitHubActionsService] Starting operation Location.GetConnectionData
[2026-06-18 01:02:06Z INFO GitHubActionsService] Finished operation Location.GetConnectionData
[2026-06-18 01:02:06Z INFO GitHubActionsService] Finished operation Location.GetConnectionData
[2026-06-18 01:02:06Z INFO GitHubActionsService] Finished operation Location.GetConnectionData
[2026-06-18 01:02:07Z INFO Terminal] WRITE LINE: 
[2026-06-18 01:02:07Z INFO ConfigurationStore] IsConfigured()
[2026-06-18 01:02:07Z INFO ConfigurationStore] IsConfigured: True
[2026-06-18 01:02:07Z INFO ConfigurationStore] HasCredentials()
[2026-06-18 01:02:07Z INFO ConfigurationStore] stored True
[2026-06-18 01:02:07Z INFO HostContext] Well known directory 'Bin': 'C:\Users\leona\Documents\POS\Projetos\desafio-final-disciplina\bin'
[2026-06-18 01:02:07Z INFO HostContext] Well known directory 'Root': 'C:\Users\leona\Documents\POS\Projetos\desafio-final-disciplina'
[2026-06-18 01:02:07Z INFO HostContext] Well known config file 'RSACredentials': 'C:\Users\leona\Documents\POS\Projetos\desafio-final-disciplina\.credentials_rsaparams'
[2026-06-18 01:02:07Z INFO RSAEncryptedFileKeyManager] Deleting RSA key parameters file C:\Users\leona\Documents\POS\Projetos\desafio-final-disciplina\.credentials_rsaparams
[2026-06-18 01:02:07Z INFO Terminal] WRITE LINE: 
[2026-06-18 01:02:07Z INFO Listener] Runner execution has finished with return code 0
