[2026-06-18 01:06:42Z INFO HostContext] No proxy settings were found based on environmental variables (http_proxy/https_proxy/HTTP_PROXY/HTTPS_PROXY)
[2026-06-18 01:06:42Z INFO HostContext] Well known directory 'Bin': 'C:\Users\leona\Documents\POS\Projetos\desafio-final-disciplina\actions-runner\bin'
[2026-06-18 01:06:42Z INFO HostContext] Well known directory 'Root': 'C:\Users\leona\Documents\POS\Projetos\desafio-final-disciplina\actions-runner'
[2026-06-18 01:06:42Z INFO HostContext] Well known config file 'Credentials': 'C:\Users\leona\Documents\POS\Projetos\desafio-final-disciplina\actions-runner\.credentials'
[2026-06-18 01:06:42Z INFO HostContext] Well known directory 'Bin': 'C:\Users\leona\Documents\POS\Projetos\desafio-final-disciplina\actions-runner\bin'
[2026-06-18 01:06:42Z INFO HostContext] Well known directory 'Root': 'C:\Users\leona\Documents\POS\Projetos\desafio-final-disciplina\actions-runner'
[2026-06-18 01:06:42Z INFO HostContext] Well known config file 'Runner': 'C:\Users\leona\Documents\POS\Projetos\desafio-final-disciplina\actions-runner\.runner'
[2026-06-18 01:06:42Z INFO Listener] Runner is built for Windows (X64) - win-x64.
[2026-06-18 01:06:42Z INFO Listener] RuntimeInformation: Microsoft Windows 10.0.26200.
[2026-06-18 01:06:42Z INFO Listener] Version: 2.335.1
[2026-06-18 01:06:42Z INFO Listener] Commit: 7d737449ef346f6524f75688d0c9c95fa10ba10a
[2026-06-18 01:06:42Z INFO Listener] Culture: pt-BR
[2026-06-18 01:06:42Z INFO Listener] UI Culture: pt-BR
[2026-06-18 01:06:42Z INFO HostContext] Well known directory 'Bin': 'C:\Users\leona\Documents\POS\Projetos\desafio-final-disciplina\actions-runner\bin'
[2026-06-18 01:06:42Z INFO HostContext] Well known directory 'Root': 'C:\Users\leona\Documents\POS\Projetos\desafio-final-disciplina\actions-runner'
[2026-06-18 01:06:42Z INFO Listener] Validating directory permissions for: 'C:\Users\leona\Documents\POS\Projetos\desafio-final-disciplina\actions-runner'
[2026-06-18 01:06:42Z INFO CommandLineParser] Parse
[2026-06-18 01:06:42Z INFO CommandLineParser] Parsing 1 args
[2026-06-18 01:06:42Z INFO CommandLineParser] parsing argument
[2026-06-18 01:06:42Z INFO CommandLineParser] HasArgs: False
[2026-06-18 01:06:42Z INFO CommandLineParser] Adding Command: run
[2026-06-18 01:06:42Z INFO Listener] Arguments parsed
[2026-06-18 01:06:42Z INFO Runner] ExecuteCommand
[2026-06-18 01:06:42Z INFO ConfigurationStore] currentAssemblyLocation: C:\Users\leona\Documents\POS\Projetos\desafio-final-disciplina\actions-runner\bin\Runner.Listener.dll
[2026-06-18 01:06:42Z INFO HostContext] Well known directory 'Bin': 'C:\Users\leona\Documents\POS\Projetos\desafio-final-disciplina\actions-runner\bin'
[2026-06-18 01:06:42Z INFO ConfigurationStore] binPath: C:\Users\leona\Documents\POS\Projetos\desafio-final-disciplina\actions-runner\bin
[2026-06-18 01:06:42Z INFO HostContext] Well known directory 'Bin': 'C:\Users\leona\Documents\POS\Projetos\desafio-final-disciplina\actions-runner\bin'
[2026-06-18 01:06:42Z INFO HostContext] Well known directory 'Root': 'C:\Users\leona\Documents\POS\Projetos\desafio-final-disciplina\actions-runner'
[2026-06-18 01:06:42Z INFO ConfigurationStore] RootFolder: C:\Users\leona\Documents\POS\Projetos\desafio-final-disciplina\actions-runner
[2026-06-18 01:06:42Z INFO HostContext] Well known directory 'Bin': 'C:\Users\leona\Documents\POS\Projetos\desafio-final-disciplina\actions-runner\bin'
[2026-06-18 01:06:42Z INFO HostContext] Well known directory 'Root': 'C:\Users\leona\Documents\POS\Projetos\desafio-final-disciplina\actions-runner'
[2026-06-18 01:06:42Z INFO HostContext] Well known config file 'Runner': 'C:\Users\leona\Documents\POS\Projetos\desafio-final-disciplina\actions-runner\.runner'
[2026-06-18 01:06:42Z INFO ConfigurationStore] ConfigFilePath: C:\Users\leona\Documents\POS\Projetos\desafio-final-disciplina\actions-runner\.runner
[2026-06-18 01:06:42Z INFO HostContext] Well known directory 'Bin': 'C:\Users\leona\Documents\POS\Projetos\desafio-final-disciplina\actions-runner\bin'
[2026-06-18 01:06:42Z INFO HostContext] Well known directory 'Root': 'C:\Users\leona\Documents\POS\Projetos\desafio-final-disciplina\actions-runner'
[2026-06-18 01:06:42Z INFO HostContext] Well known config file 'MigratedRunner': 'C:\Users\leona\Documents\POS\Projetos\desafio-final-disciplina\actions-runner\.runner_migrated'
[2026-06-18 01:06:42Z INFO ConfigurationStore] MigratedConfigFilePath: C:\Users\leona\Documents\POS\Projetos\desafio-final-disciplina\actions-runner\.runner_migrated
[2026-06-18 01:06:42Z INFO HostContext] Well known directory 'Bin': 'C:\Users\leona\Documents\POS\Projetos\desafio-final-disciplina\actions-runner\bin'
[2026-06-18 01:06:42Z INFO HostContext] Well known directory 'Root': 'C:\Users\leona\Documents\POS\Projetos\desafio-final-disciplina\actions-runner'
[2026-06-18 01:06:42Z INFO HostContext] Well known config file 'Credentials': 'C:\Users\leona\Documents\POS\Projetos\desafio-final-disciplina\actions-runner\.credentials'
[2026-06-18 01:06:42Z INFO ConfigurationStore] CredFilePath: C:\Users\leona\Documents\POS\Projetos\desafio-final-disciplina\actions-runner\.credentials
[2026-06-18 01:06:42Z INFO HostContext] Well known directory 'Bin': 'C:\Users\leona\Documents\POS\Projetos\desafio-final-disciplina\actions-runner\bin'
[2026-06-18 01:06:42Z INFO HostContext] Well known directory 'Root': 'C:\Users\leona\Documents\POS\Projetos\desafio-final-disciplina\actions-runner'
[2026-06-18 01:06:42Z INFO HostContext] Well known config file 'MigratedCredentials': 'C:\Users\leona\Documents\POS\Projetos\desafio-final-disciplina\actions-runner\.credentials_migrated'
[2026-06-18 01:06:42Z INFO ConfigurationStore] MigratedCredFilePath: C:\Users\leona\Documents\POS\Projetos\desafio-final-disciplina\actions-runner\.credentials_migrated
[2026-06-18 01:06:42Z INFO HostContext] Well known directory 'Bin': 'C:\Users\leona\Documents\POS\Projetos\desafio-final-disciplina\actions-runner\bin'
[2026-06-18 01:06:42Z INFO HostContext] Well known directory 'Root': 'C:\Users\leona\Documents\POS\Projetos\desafio-final-disciplina\actions-runner'
[2026-06-18 01:06:42Z INFO HostContext] Well known config file 'Service': 'C:\Users\leona\Documents\POS\Projetos\desafio-final-disciplina\actions-runner\.service'
[2026-06-18 01:06:42Z INFO ConfigurationStore] ServiceConfigFilePath: C:\Users\leona\Documents\POS\Projetos\desafio-final-disciplina\actions-runner\.service
[2026-06-18 01:06:42Z INFO CommandSettings] Flag 'help': 'False'
[2026-06-18 01:06:42Z INFO CommandSettings] Flag 'version': 'False'
[2026-06-18 01:06:42Z INFO CommandSettings] Flag 'commit': 'False'
[2026-06-18 01:06:42Z INFO CommandSettings] Flag 'check': 'False'
[2026-06-18 01:06:42Z INFO CommandSettings] Command 'configure': 'False'
[2026-06-18 01:06:42Z INFO CommandSettings] Command 'remove': 'False'
[2026-06-18 01:06:42Z INFO CommandSettings] Command 'warmup': 'False'
[2026-06-18 01:06:42Z INFO ConfigurationManager] LoadSettings
[2026-06-18 01:06:42Z INFO ConfigurationStore] IsConfigured()
[2026-06-18 01:06:42Z INFO ConfigurationStore] IsConfigured: True
[2026-06-18 01:06:42Z INFO ConfigurationManager] Is configured: True
[2026-06-18 01:06:42Z INFO ConfigurationStore] Read setting file: 417 chars
[2026-06-18 01:06:42Z INFO ConfigurationManager] Settings Loaded
[2026-06-18 01:06:42Z INFO ConfigurationStore] IsServiceConfigured()
[2026-06-18 01:06:42Z INFO ConfigurationStore] IsServiceConfigured: False
[2026-06-18 01:06:42Z INFO CommandSettings] Command 'run': 'True'
[2026-06-18 01:06:42Z INFO ConfigurationStore] IsConfigured()
[2026-06-18 01:06:42Z INFO ConfigurationStore] IsConfigured: True
[2026-06-18 01:06:42Z INFO ConfigurationManager] Is configured: True
[2026-06-18 01:06:42Z INFO Runner] Could not parse the argument value '' for StartupType. Defaulting to Manual
[2026-06-18 01:06:42Z INFO Runner] Set runner startup type - Manual
[2026-06-18 01:06:42Z INFO CommandSettings] Flag 'once': 'False'
[2026-06-18 01:06:42Z INFO CommandSettings] Flag 'once': 'False'
[2026-06-18 01:06:42Z INFO Runner] RunAsync
[2026-06-18 01:06:42Z INFO HostContext] Well known directory 'Bin': 'C:\Users\leona\Documents\POS\Projetos\desafio-final-disciplina\actions-runner\bin'
[2026-06-18 01:06:42Z INFO HostContext] Well known directory 'Root': 'C:\Users\leona\Documents\POS\Projetos\desafio-final-disciplina\actions-runner'
[2026-06-18 01:06:42Z INFO HostContext] Well known directory 'Work': 'C:\Users\leona\Documents\POS\Projetos\desafio-final-disciplina\actions-runner\_work'
[2026-06-18 01:06:42Z INFO Runner] Validating directory permissions for: 'C:\Users\leona\Documents\POS\Projetos\desafio-final-disciplina\actions-runner\_work'
[2026-06-18 01:06:42Z INFO ConfigurationManager] LoadMigratedSettings
[2026-06-18 01:06:42Z INFO ConfigurationStore] IsMigratedConfigured()
[2026-06-18 01:06:42Z INFO ConfigurationStore] IsMigratedConfigured: False
[2026-06-18 01:06:42Z INFO Runner] Failed to load migrated settings: No migrated configuration found.
[2026-06-18 01:06:42Z INFO Runner] Falling back to original .runner settings
[2026-06-18 01:06:42Z INFO Runner] Using BrokerMessageListener
[2026-06-18 01:06:42Z INFO BrokerMessageListener] Using provided settings
[2026-06-18 01:06:42Z INFO BrokerMessageListener] {
  "AgentId": 22,
  "AgentName": "LEONARDO",
  "PoolId": 1,
  "PoolName": "Default",
  "ServerUrl": "https://pipelinesghubeus8.actions.githubusercontent.com/iuo7hoNVWXYza76qnkuZnf6EvpREJjQTtTEPkkDmekRhheTBQB/",
  "GitHubUrl": "https://github.com/leonardodms111/pos-intContinua-multiplasExecs",
  "WorkFolder": "_work",
  "UseV2Flow": true,
  "ServerUrlV2": "https://broker.actions.githubusercontent.com/"
}
[2026-06-18 01:06:42Z INFO BrokerMessageListener] Loading Credentials
[2026-06-18 01:06:42Z INFO ConfigurationStore] HasCredentials()
[2026-06-18 01:06:42Z INFO ConfigurationStore] stored True
[2026-06-18 01:06:42Z INFO CredentialManager] GetCredentialProvider
[2026-06-18 01:06:42Z INFO CredentialManager] Creating type OAuth
[2026-06-18 01:06:42Z INFO CredentialManager] Creating credential type: OAuth
[2026-06-18 01:06:42Z INFO HostContext] Well known directory 'Bin': 'C:\Users\leona\Documents\POS\Projetos\desafio-final-disciplina\actions-runner\bin'
[2026-06-18 01:06:42Z INFO HostContext] Well known directory 'Root': 'C:\Users\leona\Documents\POS\Projetos\desafio-final-disciplina\actions-runner'
[2026-06-18 01:06:42Z INFO HostContext] Well known config file 'RSACredentials': 'C:\Users\leona\Documents\POS\Projetos\desafio-final-disciplina\actions-runner\.credentials_rsaparams'
[2026-06-18 01:06:42Z INFO RSAEncryptedFileKeyManager] Loading RSA key parameters from file C:\Users\leona\Documents\POS\Projetos\desafio-final-disciplina\actions-runner\.credentials_rsaparams
[2026-06-18 01:06:42Z INFO BrokerMessageListener] Attempt to create session.
[2026-06-18 01:06:42Z INFO BrokerMessageListener] Connecting to the Broker Server...
[2026-06-18 01:06:42Z INFO ConfigurationStore] HasCredentials()
[2026-06-18 01:06:42Z INFO ConfigurationStore] stored True
[2026-06-18 01:06:42Z INFO CredentialManager] GetCredentialProvider
[2026-06-18 01:06:42Z INFO CredentialManager] Creating type OAuth
[2026-06-18 01:06:42Z INFO CredentialManager] Creating credential type: OAuth
[2026-06-18 01:06:42Z INFO RSAEncryptedFileKeyManager] Loading RSA key parameters from file C:\Users\leona\Documents\POS\Projetos\desafio-final-disciplina\actions-runner\.credentials_rsaparams
[2026-06-18 01:06:42Z INFO BrokerMessageListener] VssConnection created
[2026-06-18 01:06:42Z INFO BrokerMessageListener] Connecting to the Runner server...
[2026-06-18 01:06:42Z INFO RunnerServer] EstablishVssConnection
[2026-06-18 01:06:42Z INFO RunnerServer] Establish connection with 100 seconds timeout.
[2026-06-18 01:06:42Z INFO GitHubActionsService] Starting operation Location.GetConnectionData
[2026-06-18 01:06:42Z INFO RunnerServer] EstablishVssConnection
[2026-06-18 01:06:42Z INFO RunnerServer] Establish connection with 60 seconds timeout.
[2026-06-18 01:06:42Z INFO GitHubActionsService] Starting operation Location.GetConnectionData
[2026-06-18 01:06:42Z INFO RunnerServer] EstablishVssConnection
[2026-06-18 01:06:42Z INFO RunnerServer] Establish connection with 60 seconds timeout.
[2026-06-18 01:06:42Z INFO GitHubActionsService] Starting operation Location.GetConnectionData
[2026-06-18 01:06:43Z INFO GitHubActionsService] Finished operation Location.GetConnectionData
[2026-06-18 01:06:43Z INFO GitHubActionsService] Finished operation Location.GetConnectionData
[2026-06-18 01:06:43Z INFO GitHubActionsService] Finished operation Location.GetConnectionData
[2026-06-18 01:06:43Z INFO BrokerMessageListener] VssConnection created
[2026-06-18 01:06:43Z INFO Terminal] WRITE LINE: 
[2026-06-18 01:06:43Z INFO Terminal] WRITE LINE: 
[2026-06-18 01:06:43Z INFO RSAEncryptedFileKeyManager] Loading RSA key parameters from file C:\Users\leona\Documents\POS\Projetos\desafio-final-disciplina\actions-runner\.credentials_rsaparams
[2026-06-18 01:06:43Z INFO RSAEncryptedFileKeyManager] Loading RSA key parameters from file C:\Users\leona\Documents\POS\Projetos\desafio-final-disciplina\actions-runner\.credentials_rsaparams
[2026-06-18 01:06:43Z INFO GitHubActionsService] AAD Correlation ID for this token request: Unknown
[2026-06-18 01:06:44Z INFO BrokerMessageListener] Session created.
[2026-06-18 01:06:44Z INFO Terminal] WRITE LINE: Current runner version: '2.335.1'
[2026-06-18 01:06:44Z INFO Terminal] WRITE LINE: 2026-06-18 01:06:44Z: Listening for Jobs
[2026-06-18 01:06:44Z INFO JobDispatcher] Set runner/worker IPC timeout to 30 seconds.
[2026-06-18 01:06:45Z INFO BrokerMessageListener] Acknowledging runner request 'ac9c0f7c-d403-59a8-83ba-8d3a0f6d5683'.
[2026-06-18 01:06:46Z INFO ConfigurationStore] HasCredentials()
[2026-06-18 01:06:46Z INFO ConfigurationStore] stored True
[2026-06-18 01:06:46Z INFO CredentialManager] GetCredentialProvider
[2026-06-18 01:06:46Z INFO CredentialManager] Creating type OAuth
[2026-06-18 01:06:46Z INFO CredentialManager] Creating credential type: OAuth
[2026-06-18 01:06:46Z INFO RSAEncryptedFileKeyManager] Loading RSA key parameters from file C:\Users\leona\Documents\POS\Projetos\desafio-final-disciplina\actions-runner\.credentials_rsaparams
[2026-06-18 01:06:46Z INFO RSAEncryptedFileKeyManager] Loading RSA key parameters from file C:\Users\leona\Documents\POS\Projetos\desafio-final-disciplina\actions-runner\.credentials_rsaparams
[2026-06-18 01:06:46Z INFO RSAEncryptedFileKeyManager] Loading RSA key parameters from file C:\Users\leona\Documents\POS\Projetos\desafio-final-disciplina\actions-runner\.credentials_rsaparams
[2026-06-18 01:06:46Z INFO GitHubActionsService] AAD Correlation ID for this token request: Unknown
[2026-06-18 01:06:47Z INFO JobDispatcher] Job request 0 for plan 99a709f4-8f65-478d-9bf7-b17abdb8e165 job ac9c0f7c-d403-59a8-83ba-8d3a0f6d5683 received.
[2026-06-18 01:06:47Z INFO JobDispatcher] Pull OrchestrationId 99a709f4-8f65-478d-9bf7-b17abdb8e165.e2e-tests.__default from JWT claims
[2026-06-18 01:06:47Z INFO BrokerMessageListener] Received job status event. JobState: Busy
[2026-06-18 01:06:47Z INFO BrokerMessageListener] _getMessagesTokenSource is already disposed.
[2026-06-18 01:06:47Z INFO Terminal] WRITE LINE: 2026-06-18 01:06:47Z: Running job: e2e-tests
[2026-06-18 01:06:47Z INFO JobDispatcher] Start renew job request 0 for job ac9c0f7c-d403-59a8-83ba-8d3a0f6d5683.
[2026-06-18 01:06:48Z INFO JobDispatcher] Successfully renew job ac9c0f7c-d403-59a8-83ba-8d3a0f6d5683, job is valid till 18/06/2026 01:16:48
[2026-06-18 01:06:48Z INFO HostContext] Well known directory 'Bin': 'C:\Users\leona\Documents\POS\Projetos\desafio-final-disciplina\actions-runner\bin'
[2026-06-18 01:06:48Z INFO ProcessInvokerWrapper] Starting process:
[2026-06-18 01:06:48Z INFO ProcessInvokerWrapper]   File name: 'C:\Users\leona\Documents\POS\Projetos\desafio-final-disciplina\actions-runner\bin\Runner.Worker.exe'
[2026-06-18 01:06:48Z INFO ProcessInvokerWrapper]   Arguments: 'spawnclient 2268 2288'
[2026-06-18 01:06:48Z INFO ProcessInvokerWrapper]   Working directory: 'C:\Users\leona\Documents\POS\Projetos\desafio-final-disciplina\actions-runner\bin'
[2026-06-18 01:06:48Z INFO ProcessInvokerWrapper]   Require exit code zero: 'False'
[2026-06-18 01:06:48Z INFO ProcessInvokerWrapper]   Encoding web name:  ; code page: ''
[2026-06-18 01:06:48Z INFO ProcessInvokerWrapper]   Force kill process on cancellation: 'True'
[2026-06-18 01:06:48Z INFO ProcessInvokerWrapper]   Redirected STDIN: 'False'
[2026-06-18 01:06:48Z INFO ProcessInvokerWrapper]   Persist current code page: 'False'
[2026-06-18 01:06:48Z INFO ProcessInvokerWrapper]   Keep redirected STDIN open: 'False'
[2026-06-18 01:06:48Z INFO ProcessInvokerWrapper]   High priority process: 'True'
[2026-06-18 01:06:50Z INFO ProcessInvokerWrapper] Process started with process id 26732, waiting for process exit.
[2026-06-18 01:06:50Z INFO JobDispatcher] Send job request message to worker for job ac9c0f7c-d403-59a8-83ba-8d3a0f6d5683.
[2026-06-18 01:06:50Z INFO ProcessChannel] Sending message of length 22918, with hash 'f036d3c0861ae24dd9eafa95959f05699440b308330b2d11217dc4fe3e66b84f'
[2026-06-18 01:06:52Z INFO JobNotification] Entering JobStarted Notification
[2026-06-18 01:06:52Z INFO JobNotification] Entering StartMonitor
[2026-06-18 01:07:33Z INFO JobDispatcher] Job cancellation request ac9c0f7c-d403-59a8-83ba-8d3a0f6d5683 received, cancellation timeout 5 minutes.
[2026-06-18 01:07:33Z INFO JobDispatcher] Send job cancellation message to worker for job ac9c0f7c-d403-59a8-83ba-8d3a0f6d5683.
[2026-06-18 01:07:33Z INFO ProcessChannel] Sending message of length 0, with hash 'e3b0c44298fc1c149afbf4c8996fb92427ae41e4649b934ca495991b7852b855'
[2026-06-18 01:07:34Z INFO JobDispatcher] Job cancellation request ac9c0f7c-d403-59a8-83ba-8d3a0f6d5683 received, cancellation timeout 5 minutes.
[2026-06-18 01:07:34Z INFO JobDispatcher] Job cancellation request ac9c0f7c-d403-59a8-83ba-8d3a0f6d5683 received, cancellation timeout 5 minutes.
[2026-06-18 01:07:35Z INFO JobDispatcher] Job cancellation request ac9c0f7c-d403-59a8-83ba-8d3a0f6d5683 received, cancellation timeout 5 minutes.
[2026-06-18 01:07:35Z INFO JobDispatcher] Job cancellation request ac9c0f7c-d403-59a8-83ba-8d3a0f6d5683 received, cancellation timeout 5 minutes.
[2026-06-18 01:07:35Z INFO JobDispatcher] Job cancellation request ac9c0f7c-d403-59a8-83ba-8d3a0f6d5683 received, cancellation timeout 5 minutes.
[2026-06-18 01:07:36Z INFO JobDispatcher] Job cancellation request ac9c0f7c-d403-59a8-83ba-8d3a0f6d5683 received, cancellation timeout 5 minutes.
[2026-06-18 01:07:36Z INFO JobDispatcher] Job cancellation request ac9c0f7c-d403-59a8-83ba-8d3a0f6d5683 received, cancellation timeout 5 minutes.
[2026-06-18 01:07:36Z INFO JobDispatcher] Job cancellation request ac9c0f7c-d403-59a8-83ba-8d3a0f6d5683 received, cancellation timeout 5 minutes.
[2026-06-18 01:07:37Z INFO JobDispatcher] Job cancellation request ac9c0f7c-d403-59a8-83ba-8d3a0f6d5683 received, cancellation timeout 5 minutes.
[2026-06-18 01:07:37Z INFO JobDispatcher] Job cancellation request ac9c0f7c-d403-59a8-83ba-8d3a0f6d5683 received, cancellation timeout 5 minutes.
[2026-06-18 01:07:38Z INFO JobDispatcher] Job cancellation request ac9c0f7c-d403-59a8-83ba-8d3a0f6d5683 received, cancellation timeout 5 minutes.
[2026-06-18 01:07:38Z INFO JobDispatcher] Job cancellation request ac9c0f7c-d403-59a8-83ba-8d3a0f6d5683 received, cancellation timeout 5 minutes.
[2026-06-18 01:07:38Z INFO JobDispatcher] Job cancellation request ac9c0f7c-d403-59a8-83ba-8d3a0f6d5683 received, cancellation timeout 5 minutes.
[2026-06-18 01:07:39Z INFO JobDispatcher] Job cancellation request ac9c0f7c-d403-59a8-83ba-8d3a0f6d5683 received, cancellation timeout 5 minutes.
[2026-06-18 01:07:39Z INFO JobDispatcher] Job cancellation request ac9c0f7c-d403-59a8-83ba-8d3a0f6d5683 received, cancellation timeout 5 minutes.
[2026-06-18 01:07:40Z INFO JobDispatcher] Job cancellation request ac9c0f7c-d403-59a8-83ba-8d3a0f6d5683 received, cancellation timeout 5 minutes.
[2026-06-18 01:07:40Z INFO JobDispatcher] Job cancellation request ac9c0f7c-d403-59a8-83ba-8d3a0f6d5683 received, cancellation timeout 5 minutes.
[2026-06-18 01:07:40Z INFO JobDispatcher] Job cancellation request ac9c0f7c-d403-59a8-83ba-8d3a0f6d5683 received, cancellation timeout 5 minutes.
[2026-06-18 01:07:41Z INFO JobDispatcher] Job cancellation request ac9c0f7c-d403-59a8-83ba-8d3a0f6d5683 received, cancellation timeout 5 minutes.
[2026-06-18 01:07:41Z INFO JobDispatcher] Job cancellation request ac9c0f7c-d403-59a8-83ba-8d3a0f6d5683 received, cancellation timeout 5 minutes.
[2026-06-18 01:07:42Z INFO JobDispatcher] Job cancellation request ac9c0f7c-d403-59a8-83ba-8d3a0f6d5683 received, cancellation timeout 5 minutes.
[2026-06-18 01:07:42Z INFO JobDispatcher] Job cancellation request ac9c0f7c-d403-59a8-83ba-8d3a0f6d5683 received, cancellation timeout 5 minutes.
[2026-06-18 01:07:42Z INFO JobDispatcher] Job cancellation request ac9c0f7c-d403-59a8-83ba-8d3a0f6d5683 received, cancellation timeout 5 minutes.
[2026-06-18 01:07:43Z INFO JobDispatcher] Job cancellation request ac9c0f7c-d403-59a8-83ba-8d3a0f6d5683 received, cancellation timeout 5 minutes.
[2026-06-18 01:07:43Z INFO JobDispatcher] Job cancellation request ac9c0f7c-d403-59a8-83ba-8d3a0f6d5683 received, cancellation timeout 5 minutes.
[2026-06-18 01:07:43Z INFO JobDispatcher] Job cancellation request ac9c0f7c-d403-59a8-83ba-8d3a0f6d5683 received, cancellation timeout 5 minutes.
[2026-06-18 01:07:44Z INFO JobDispatcher] Job cancellation request ac9c0f7c-d403-59a8-83ba-8d3a0f6d5683 received, cancellation timeout 5 minutes.
[2026-06-18 01:07:44Z INFO JobDispatcher] Job cancellation request ac9c0f7c-d403-59a8-83ba-8d3a0f6d5683 received, cancellation timeout 5 minutes.
[2026-06-18 01:07:45Z INFO JobDispatcher] Job cancellation request ac9c0f7c-d403-59a8-83ba-8d3a0f6d5683 received, cancellation timeout 5 minutes.
[2026-06-18 01:07:45Z INFO JobDispatcher] Job cancellation request ac9c0f7c-d403-59a8-83ba-8d3a0f6d5683 received, cancellation timeout 5 minutes.
[2026-06-18 01:07:45Z INFO JobDispatcher] Job cancellation request ac9c0f7c-d403-59a8-83ba-8d3a0f6d5683 received, cancellation timeout 5 minutes.
[2026-06-18 01:07:46Z INFO JobDispatcher] Job cancellation request ac9c0f7c-d403-59a8-83ba-8d3a0f6d5683 received, cancellation timeout 5 minutes.
[2026-06-18 01:07:46Z INFO JobDispatcher] Job cancellation request ac9c0f7c-d403-59a8-83ba-8d3a0f6d5683 received, cancellation timeout 5 minutes.
[2026-06-18 01:07:46Z INFO JobDispatcher] Job cancellation request ac9c0f7c-d403-59a8-83ba-8d3a0f6d5683 received, cancellation timeout 5 minutes.
[2026-06-18 01:07:47Z INFO JobDispatcher] Job cancellation request ac9c0f7c-d403-59a8-83ba-8d3a0f6d5683 received, cancellation timeout 5 minutes.
[2026-06-18 01:07:47Z INFO JobDispatcher] Job cancellation request ac9c0f7c-d403-59a8-83ba-8d3a0f6d5683 received, cancellation timeout 5 minutes.
[2026-06-18 01:07:48Z INFO JobDispatcher] Job cancellation request ac9c0f7c-d403-59a8-83ba-8d3a0f6d5683 received, cancellation timeout 5 minutes.
[2026-06-18 01:07:48Z INFO JobDispatcher] Job cancellation request ac9c0f7c-d403-59a8-83ba-8d3a0f6d5683 received, cancellation timeout 5 minutes.
[2026-06-18 01:07:48Z INFO JobDispatcher] Job cancellation request ac9c0f7c-d403-59a8-83ba-8d3a0f6d5683 received, cancellation timeout 5 minutes.
[2026-06-18 01:07:49Z INFO JobDispatcher] Job cancellation request ac9c0f7c-d403-59a8-83ba-8d3a0f6d5683 received, cancellation timeout 5 minutes.
[2026-06-18 01:07:49Z INFO JobDispatcher] Job cancellation request ac9c0f7c-d403-59a8-83ba-8d3a0f6d5683 received, cancellation timeout 5 minutes.
[2026-06-18 01:07:50Z INFO JobDispatcher] Job cancellation request ac9c0f7c-d403-59a8-83ba-8d3a0f6d5683 received, cancellation timeout 5 minutes.
[2026-06-18 01:07:50Z INFO JobDispatcher] Successfully renew job ac9c0f7c-d403-59a8-83ba-8d3a0f6d5683, job is valid till 18/06/2026 01:17:50
[2026-06-18 01:07:50Z INFO JobDispatcher] Job cancellation request ac9c0f7c-d403-59a8-83ba-8d3a0f6d5683 received, cancellation timeout 5 minutes.
[2026-06-18 01:07:50Z INFO JobDispatcher] Job cancellation request ac9c0f7c-d403-59a8-83ba-8d3a0f6d5683 received, cancellation timeout 5 minutes.
[2026-06-18 01:07:51Z INFO JobDispatcher] Job cancellation request ac9c0f7c-d403-59a8-83ba-8d3a0f6d5683 received, cancellation timeout 5 minutes.
[2026-06-18 01:07:51Z INFO JobDispatcher] Job cancellation request ac9c0f7c-d403-59a8-83ba-8d3a0f6d5683 received, cancellation timeout 5 minutes.
[2026-06-18 01:07:51Z INFO JobDispatcher] Job cancellation request ac9c0f7c-d403-59a8-83ba-8d3a0f6d5683 received, cancellation timeout 5 minutes.
[2026-06-18 01:07:52Z INFO JobDispatcher] Job cancellation request ac9c0f7c-d403-59a8-83ba-8d3a0f6d5683 received, cancellation timeout 5 minutes.
[2026-06-18 01:07:52Z INFO JobDispatcher] Job cancellation request ac9c0f7c-d403-59a8-83ba-8d3a0f6d5683 received, cancellation timeout 5 minutes.
[2026-06-18 01:07:53Z INFO JobDispatcher] Job cancellation request ac9c0f7c-d403-59a8-83ba-8d3a0f6d5683 received, cancellation timeout 5 minutes.
[2026-06-18 01:07:53Z INFO JobDispatcher] Job cancellation request ac9c0f7c-d403-59a8-83ba-8d3a0f6d5683 received, cancellation timeout 5 minutes.
[2026-06-18 01:07:53Z INFO JobDispatcher] Job cancellation request ac9c0f7c-d403-59a8-83ba-8d3a0f6d5683 received, cancellation timeout 5 minutes.
[2026-06-18 01:07:54Z INFO JobDispatcher] Job cancellation request ac9c0f7c-d403-59a8-83ba-8d3a0f6d5683 received, cancellation timeout 5 minutes.
[2026-06-18 01:07:54Z INFO JobDispatcher] Job cancellation request ac9c0f7c-d403-59a8-83ba-8d3a0f6d5683 received, cancellation timeout 5 minutes.
[2026-06-18 01:07:54Z INFO JobDispatcher] Job cancellation request ac9c0f7c-d403-59a8-83ba-8d3a0f6d5683 received, cancellation timeout 5 minutes.
[2026-06-18 01:07:55Z INFO JobDispatcher] Job cancellation request ac9c0f7c-d403-59a8-83ba-8d3a0f6d5683 received, cancellation timeout 5 minutes.
[2026-06-18 01:07:55Z INFO JobDispatcher] Job cancellation request ac9c0f7c-d403-59a8-83ba-8d3a0f6d5683 received, cancellation timeout 5 minutes.
[2026-06-18 01:07:55Z INFO ProcessInvokerWrapper] STDOUT/STDERR stream read finished.
[2026-06-18 01:07:55Z INFO ProcessInvokerWrapper] STDOUT/STDERR stream read finished.
[2026-06-18 01:07:55Z INFO ProcessInvokerWrapper] Finished process 26732 with exit code 103, and elapsed time 00:01:07.1270855.
[2026-06-18 01:07:55Z INFO JobDispatcher] finish job request for job ac9c0f7c-d403-59a8-83ba-8d3a0f6d5683 with result: Canceled
[2026-06-18 01:07:55Z INFO Terminal] WRITE LINE: 2026-06-18 01:07:55Z: Job e2e-tests completed with result: Canceled
[2026-06-18 01:07:55Z INFO JobDispatcher] Stop renew job request for job ac9c0f7c-d403-59a8-83ba-8d3a0f6d5683.
[2026-06-18 01:07:55Z INFO JobDispatcher] job renew has been cancelled, stop renew job ac9c0f7c-d403-59a8-83ba-8d3a0f6d5683.
[2026-06-18 01:07:55Z INFO JobNotification] Entering JobCompleted Notification
[2026-06-18 01:07:55Z INFO JobNotification] Entering EndMonitor
[2026-06-18 01:07:55Z INFO BrokerMessageListener] Received job status event. JobState: Online
[2026-06-18 01:07:55Z WARN GitHubActionsService] GET request to https://broker.actions.githubusercontent.com/message?sessionId=f89a4614-d199-4dab-a5a4-9695346ac25d&status=Busy&runnerVersion=2.335.1&os=Windows&architecture=X64&disableUpdate=false has been cancelled.
[2026-06-18 01:07:55Z ERR  BrokerServer] Catch exception during request
[2026-06-18 01:07:55Z ERR  BrokerServer] System.Threading.Tasks.TaskCanceledException: The operation was canceled.
 ---> System.Threading.Tasks.TaskCanceledException: The operation was canceled.
 ---> System.IO.IOException: Unable to read data from the transport connection: A operação de E/S foi anulada devido a uma saída de thread ou a uma requisição de aplicativo..
 ---> System.Net.Sockets.SocketException (995): A operação de E/S foi anulada devido a uma saída de thread ou a uma requisição de aplicativo.
   --- End of inner exception stack trace ---
   at System.Net.Sockets.Socket.AwaitableSocketAsyncEventArgs.ThrowException(SocketError error, CancellationToken cancellationToken)
   at System.Net.Sockets.Socket.AwaitableSocketAsyncEventArgs.System.Threading.Tasks.Sources.IValueTaskSource<System.Int32>.GetResult(Int16 token)
   at System.Net.Security.SslStream.EnsureFullTlsFrameAsync[TIOAdapter](CancellationToken cancellationToken, Int32 estimatedSize)
   at System.Runtime.CompilerServices.PoolingAsyncValueTaskMethodBuilder`1.StateMachineBox`1.System.Threading.Tasks.Sources.IValueTaskSource<TResult>.GetResult(Int16 token)
   at System.Net.Security.SslStream.ReadAsyncInternal[TIOAdapter](Memory`1 buffer, CancellationToken cancellationToken)
   at System.Runtime.CompilerServices.PoolingAsyncValueTaskMethodBuilder`1.StateMachineBox`1.System.Threading.Tasks.Sources.IValueTaskSource<TResult>.GetResult(Int16 token)
   at System.Net.Http.HttpConnection.SendAsync(HttpRequestMessage request, Boolean async, CancellationToken cancellationToken)
   --- End of inner exception stack trace ---
   at System.Net.Http.HttpConnection.SendAsync(HttpRequestMessage request, Boolean async, CancellationToken cancellationToken)
   at System.Net.Http.AuthenticationHelper.SendWithNtAuthAsync(HttpRequestMessage request, Uri authUri, Boolean async, ICredentials credentials, Boolean isProxyAuth, HttpConnection connection, HttpConnectionPool connectionPool, CancellationToken cancellationToken)
   at System.Net.Http.HttpConnectionPool.SendWithVersionDetectionAndRetryAsync(HttpRequestMessage request, Boolean async, Boolean doRequestAuth, CancellationToken cancellationToken)
   at System.Net.Http.AuthenticationHelper.SendWithAuthAsync(HttpRequestMessage request, Uri authUri, Boolean async, ICredentials credentials, Boolean preAuthenticate, Boolean isProxyAuth, Boolean doRequestAuth, HttpConnectionPool pool, CancellationToken cancellationToken)
   at System.Net.Http.RedirectHandler.SendAsync(HttpRequestMessage request, Boolean async, CancellationToken cancellationToken)
   at GitHub.Services.Common.RawHttpMessageHandler.SendAsync(HttpRequestMessage request, CancellationToken cancellationToken)
   at GitHub.Services.Common.VssHttpRetryMessageHandler.SendAsync(HttpRequestMessage request, CancellationToken cancellationToken)
   at System.Net.Http.HttpClient.<SendAsync>g__Core|83_0(HttpRequestMessage request, HttpCompletionOption completionOption, CancellationTokenSource cts, Boolean disposeCts, CancellationTokenSource pendingRequestsCts, CancellationToken originalCancellationToken)
   --- End of inner exception stack trace ---
   at System.Net.Http.HttpClient.HandleFailure(Exception e, Boolean telemetryStarted, HttpResponseMessage response, CancellationTokenSource cts, CancellationToken cancellationToken, CancellationTokenSource pendingRequestsCts)
   at System.Net.Http.HttpClient.<SendAsync>g__Core|83_0(HttpRequestMessage request, HttpCompletionOption completionOption, CancellationTokenSource cts, Boolean disposeCts, CancellationTokenSource pendingRequestsCts, CancellationToken originalCancellationToken)
   at Sdk.WebApi.WebApi.RawHttpClientBase.SendAsync(HttpRequestMessage message, HttpCompletionOption completionOption, Object userState, CancellationToken cancellationToken)
   at Sdk.WebApi.WebApi.RawHttpClientBase.SendAsync[T](HttpRequestMessage message, Boolean readErrorBody, Object userState, CancellationToken cancellationToken)
   at Sdk.WebApi.WebApi.RawHttpClientBase.SendAsync[T](HttpMethod method, IEnumerable`1 additionalHeaders, Uri requestUri, HttpContent content, IEnumerable`1 queryParameters, Boolean readErrorBody, Object userState, CancellationToken cancellationToken)
   at GitHub.Actions.RunService.WebApi.BrokerHttpClient.GetRunnerMessageAsync(Nullable`1 sessionId, String runnerVersion, Nullable`1 status, String os, String architecture, Nullable`1 disableUpdate, CancellationToken cancellationToken)
   at GitHub.Runner.Common.BrokerServer.<>c__DisplayClass7_0.<<GetRunnerMessageAsync>b__0>d.MoveNext()
--- End of stack trace from previous location ---
   at GitHub.Runner.Common.RunnerService.RetryRequest[T](Func`1 func, CancellationToken cancellationToken, Int32 maxAttempts, Func`2 shouldRetry)
[2026-06-18 01:07:55Z ERR  BrokerServer] #####################################################
[2026-06-18 01:07:55Z ERR  BrokerServer] System.Threading.Tasks.TaskCanceledException: The operation was canceled.
 ---> System.IO.IOException: Unable to read data from the transport connection: A operação de E/S foi anulada devido a uma saída de thread ou a uma requisição de aplicativo..
 ---> System.Net.Sockets.SocketException (995): A operação de E/S foi anulada devido a uma saída de thread ou a uma requisição de aplicativo.
   --- End of inner exception stack trace ---
   at System.Net.Sockets.Socket.AwaitableSocketAsyncEventArgs.ThrowException(SocketError error, CancellationToken cancellationToken)
   at System.Net.Sockets.Socket.AwaitableSocketAsyncEventArgs.System.Threading.Tasks.Sources.IValueTaskSource<System.Int32>.GetResult(Int16 token)
   at System.Net.Security.SslStream.EnsureFullTlsFrameAsync[TIOAdapter](CancellationToken cancellationToken, Int32 estimatedSize)
   at System.Runtime.CompilerServices.PoolingAsyncValueTaskMethodBuilder`1.StateMachineBox`1.System.Threading.Tasks.Sources.IValueTaskSource<TResult>.GetResult(Int16 token)
   at System.Net.Security.SslStream.ReadAsyncInternal[TIOAdapter](Memory`1 buffer, CancellationToken cancellationToken)
   at System.Runtime.CompilerServices.PoolingAsyncValueTaskMethodBuilder`1.StateMachineBox`1.System.Threading.Tasks.Sources.IValueTaskSource<TResult>.GetResult(Int16 token)
   at System.Net.Http.HttpConnection.SendAsync(HttpRequestMessage request, Boolean async, CancellationToken cancellationToken)
   --- End of inner exception stack trace ---
   at System.Net.Http.HttpConnection.SendAsync(HttpRequestMessage request, Boolean async, CancellationToken cancellationToken)
   at System.Net.Http.AuthenticationHelper.SendWithNtAuthAsync(HttpRequestMessage request, Uri authUri, Boolean async, ICredentials credentials, Boolean isProxyAuth, HttpConnection connection, HttpConnectionPool connectionPool, CancellationToken cancellationToken)
   at System.Net.Http.HttpConnectionPool.SendWithVersionDetectionAndRetryAsync(HttpRequestMessage request, Boolean async, Boolean doRequestAuth, CancellationToken cancellationToken)
   at System.Net.Http.AuthenticationHelper.SendWithAuthAsync(HttpRequestMessage request, Uri authUri, Boolean async, ICredentials credentials, Boolean preAuthenticate, Boolean isProxyAuth, Boolean doRequestAuth, HttpConnectionPool pool, CancellationToken cancellationToken)
   at System.Net.Http.RedirectHandler.SendAsync(HttpRequestMessage request, Boolean async, CancellationToken cancellationToken)
   at GitHub.Services.Common.RawHttpMessageHandler.SendAsync(HttpRequestMessage request, CancellationToken cancellationToken)
   at GitHub.Services.Common.VssHttpRetryMessageHandler.SendAsync(HttpRequestMessage request, CancellationToken cancellationToken)
   at System.Net.Http.HttpClient.<SendAsync>g__Core|83_0(HttpRequestMessage request, HttpCompletionOption completionOption, CancellationTokenSource cts, Boolean disposeCts, CancellationTokenSource pendingRequestsCts, CancellationToken originalCancellationToken)
[2026-06-18 01:07:55Z ERR  BrokerServer] #####################################################
[2026-06-18 01:07:55Z ERR  BrokerServer] System.IO.IOException: Unable to read data from the transport connection: A operação de E/S foi anulada devido a uma saída de thread ou a uma requisição de aplicativo..
 ---> System.Net.Sockets.SocketException (995): A operação de E/S foi anulada devido a uma saída de thread ou a uma requisição de aplicativo.
   --- End of inner exception stack trace ---
   at System.Net.Sockets.Socket.AwaitableSocketAsyncEventArgs.ThrowException(SocketError error, CancellationToken cancellationToken)
   at System.Net.Sockets.Socket.AwaitableSocketAsyncEventArgs.System.Threading.Tasks.Sources.IValueTaskSource<System.Int32>.GetResult(Int16 token)
   at System.Net.Security.SslStream.EnsureFullTlsFrameAsync[TIOAdapter](CancellationToken cancellationToken, Int32 estimatedSize)
   at System.Runtime.CompilerServices.PoolingAsyncValueTaskMethodBuilder`1.StateMachineBox`1.System.Threading.Tasks.Sources.IValueTaskSource<TResult>.GetResult(Int16 token)
   at System.Net.Security.SslStream.ReadAsyncInternal[TIOAdapter](Memory`1 buffer, CancellationToken cancellationToken)
   at System.Runtime.CompilerServices.PoolingAsyncValueTaskMethodBuilder`1.StateMachineBox`1.System.Threading.Tasks.Sources.IValueTaskSource<TResult>.GetResult(Int16 token)
   at System.Net.Http.HttpConnection.SendAsync(HttpRequestMessage request, Boolean async, CancellationToken cancellationToken)
[2026-06-18 01:07:55Z ERR  BrokerServer] #####################################################
[2026-06-18 01:07:55Z ERR  BrokerServer] System.Net.Sockets.SocketException (995): A operação de E/S foi anulada devido a uma saída de thread ou a uma requisição de aplicativo.
[2026-06-18 01:07:55Z WARN BrokerServer] Back off 12,599 seconds before next retry. 4 attempt left.
[2026-06-18 01:07:55Z INFO BrokerMessageListener] Get messages has been cancelled using local token source. Continue to get messages with new status.
[2026-06-18 01:08:25Z INFO BrokerMessageListener] Acknowledging runner request 'b32dcaf2-c222-56ee-ae57-8ae3fcb7e32f'.
[2026-06-18 01:08:25Z INFO ConfigurationStore] HasCredentials()
[2026-06-18 01:08:25Z INFO ConfigurationStore] stored True
[2026-06-18 01:08:25Z INFO CredentialManager] GetCredentialProvider
[2026-06-18 01:08:25Z INFO CredentialManager] Creating type OAuth
[2026-06-18 01:08:25Z INFO CredentialManager] Creating credential type: OAuth
[2026-06-18 01:08:25Z INFO RSAEncryptedFileKeyManager] Loading RSA key parameters from file C:\Users\leona\Documents\POS\Projetos\desafio-final-disciplina\actions-runner\.credentials_rsaparams
[2026-06-18 01:08:25Z INFO RSAEncryptedFileKeyManager] Loading RSA key parameters from file C:\Users\leona\Documents\POS\Projetos\desafio-final-disciplina\actions-runner\.credentials_rsaparams
[2026-06-18 01:08:25Z INFO RSAEncryptedFileKeyManager] Loading RSA key parameters from file C:\Users\leona\Documents\POS\Projetos\desafio-final-disciplina\actions-runner\.credentials_rsaparams
[2026-06-18 01:08:26Z INFO GitHubActionsService] AAD Correlation ID for this token request: Unknown
[2026-06-18 01:08:27Z INFO JobDispatcher] Job request 0 for plan 2a05d1e9-2c47-41b3-b0de-ed8f0dfdf02f job b32dcaf2-c222-56ee-ae57-8ae3fcb7e32f received.
[2026-06-18 01:08:27Z INFO JobDispatcher] Pull OrchestrationId 2a05d1e9-2c47-41b3-b0de-ed8f0dfdf02f.e2e-tests.__default from JWT claims
[2026-06-18 01:08:27Z INFO BrokerMessageListener] Received job status event. JobState: Busy
[2026-06-18 01:08:27Z INFO BrokerMessageListener] _getMessagesTokenSource is already disposed.
[2026-06-18 01:08:27Z INFO JobDispatcher] Job request ac9c0f7c-d403-59a8-83ba-8d3a0f6d5683 processed succeed.
[2026-06-18 01:08:27Z INFO Terminal] WRITE LINE: 2026-06-18 01:08:27Z: Running job: e2e-tests
[2026-06-18 01:08:27Z INFO JobDispatcher] Start renew job request 0 for job b32dcaf2-c222-56ee-ae57-8ae3fcb7e32f.
[2026-06-18 01:08:28Z INFO JobDispatcher] Successfully renew job b32dcaf2-c222-56ee-ae57-8ae3fcb7e32f, job is valid till 18/06/2026 01:18:27
[2026-06-18 01:08:28Z INFO HostContext] Well known directory 'Bin': 'C:\Users\leona\Documents\POS\Projetos\desafio-final-disciplina\actions-runner\bin'
[2026-06-18 01:08:28Z INFO ProcessInvokerWrapper] Starting process:
[2026-06-18 01:08:28Z INFO ProcessInvokerWrapper]   File name: 'C:\Users\leona\Documents\POS\Projetos\desafio-final-disciplina\actions-runner\bin\Runner.Worker.exe'
[2026-06-18 01:08:28Z INFO ProcessInvokerWrapper]   Arguments: 'spawnclient 1272 1744'
[2026-06-18 01:08:28Z INFO ProcessInvokerWrapper]   Working directory: 'C:\Users\leona\Documents\POS\Projetos\desafio-final-disciplina\actions-runner\bin'
[2026-06-18 01:08:28Z INFO ProcessInvokerWrapper]   Require exit code zero: 'False'
[2026-06-18 01:08:28Z INFO ProcessInvokerWrapper]   Encoding web name:  ; code page: ''
[2026-06-18 01:08:28Z INFO ProcessInvokerWrapper]   Force kill process on cancellation: 'True'
[2026-06-18 01:08:28Z INFO ProcessInvokerWrapper]   Redirected STDIN: 'False'
[2026-06-18 01:08:28Z INFO ProcessInvokerWrapper]   Persist current code page: 'False'
[2026-06-18 01:08:28Z INFO ProcessInvokerWrapper]   Keep redirected STDIN open: 'False'
[2026-06-18 01:08:28Z INFO ProcessInvokerWrapper]   High priority process: 'True'
[2026-06-18 01:08:28Z INFO ProcessInvokerWrapper] Process started with process id 14132, waiting for process exit.
[2026-06-18 01:08:28Z INFO JobDispatcher] Send job request message to worker for job b32dcaf2-c222-56ee-ae57-8ae3fcb7e32f.
[2026-06-18 01:08:28Z INFO ProcessChannel] Sending message of length 22918, with hash 'b7e624f43d87b591f18f93aea1963c01537c702fd7c01cc17391c8856e6a16c7'
[2026-06-18 01:08:28Z INFO JobNotification] Entering JobStarted Notification
[2026-06-18 01:08:28Z INFO JobNotification] Entering StartMonitor
[2026-06-18 01:09:28Z INFO JobDispatcher] Successfully renew job b32dcaf2-c222-56ee-ae57-8ae3fcb7e32f, job is valid till 18/06/2026 01:19:28
[2026-06-18 01:10:28Z INFO JobDispatcher] Successfully renew job b32dcaf2-c222-56ee-ae57-8ae3fcb7e32f, job is valid till 18/06/2026 01:20:28
[2026-06-18 01:11:16Z INFO ProcessInvokerWrapper] STDOUT/STDERR stream read finished.
[2026-06-18 01:11:16Z INFO ProcessInvokerWrapper] STDOUT/STDERR stream read finished.
[2026-06-18 01:11:16Z INFO ProcessInvokerWrapper] Finished process 14132 with exit code 102, and elapsed time 00:02:48.9253320.
[2026-06-18 01:11:16Z INFO JobDispatcher] Worker finished for job b32dcaf2-c222-56ee-ae57-8ae3fcb7e32f. Code: 102
[2026-06-18 01:11:16Z INFO JobDispatcher] finish job request for job b32dcaf2-c222-56ee-ae57-8ae3fcb7e32f with result: Failed
[2026-06-18 01:11:16Z INFO Terminal] WRITE LINE: 2026-06-18 01:11:16Z: Job e2e-tests completed with result: Failed
[2026-06-18 01:11:16Z INFO JobDispatcher] Stop renew job request for job b32dcaf2-c222-56ee-ae57-8ae3fcb7e32f.
[2026-06-18 01:11:16Z INFO JobDispatcher] job renew has been cancelled, stop renew job b32dcaf2-c222-56ee-ae57-8ae3fcb7e32f.
[2026-06-18 01:11:16Z INFO JobNotification] Entering JobCompleted Notification
[2026-06-18 01:11:16Z INFO JobNotification] Entering EndMonitor
[2026-06-18 01:11:16Z INFO BrokerMessageListener] Received job status event. JobState: Online
[2026-06-18 01:11:16Z WARN GitHubActionsService] GET request to https://broker.actions.githubusercontent.com/message?sessionId=f89a4614-d199-4dab-a5a4-9695346ac25d&status=Busy&runnerVersion=2.335.1&os=Windows&architecture=X64&disableUpdate=false has been cancelled.
[2026-06-18 01:11:16Z ERR  BrokerServer] Catch exception during request
[2026-06-18 01:11:16Z ERR  BrokerServer] System.Threading.Tasks.TaskCanceledException: The operation was canceled.
 ---> System.Threading.Tasks.TaskCanceledException: The operation was canceled.
 ---> System.IO.IOException: Unable to read data from the transport connection: A operação de E/S foi anulada devido a uma saída de thread ou a uma requisição de aplicativo..
 ---> System.Net.Sockets.SocketException (995): A operação de E/S foi anulada devido a uma saída de thread ou a uma requisição de aplicativo.
   --- End of inner exception stack trace ---
   at System.Net.Sockets.Socket.AwaitableSocketAsyncEventArgs.ThrowException(SocketError error, CancellationToken cancellationToken)
   at System.Net.Sockets.Socket.AwaitableSocketAsyncEventArgs.System.Threading.Tasks.Sources.IValueTaskSource<System.Int32>.GetResult(Int16 token)
   at System.Net.Security.SslStream.EnsureFullTlsFrameAsync[TIOAdapter](CancellationToken cancellationToken, Int32 estimatedSize)
   at System.Runtime.CompilerServices.PoolingAsyncValueTaskMethodBuilder`1.StateMachineBox`1.System.Threading.Tasks.Sources.IValueTaskSource<TResult>.GetResult(Int16 token)
   at System.Net.Security.SslStream.ReadAsyncInternal[TIOAdapter](Memory`1 buffer, CancellationToken cancellationToken)
   at System.Runtime.CompilerServices.PoolingAsyncValueTaskMethodBuilder`1.StateMachineBox`1.System.Threading.Tasks.Sources.IValueTaskSource<TResult>.GetResult(Int16 token)
   at System.Net.Http.HttpConnection.SendAsync(HttpRequestMessage request, Boolean async, CancellationToken cancellationToken)
   --- End of inner exception stack trace ---
   at System.Net.Http.HttpConnection.SendAsync(HttpRequestMessage request, Boolean async, CancellationToken cancellationToken)
   at System.Net.Http.AuthenticationHelper.SendWithNtAuthAsync(HttpRequestMessage request, Uri authUri, Boolean async, ICredentials credentials, Boolean isProxyAuth, HttpConnection connection, HttpConnectionPool connectionPool, CancellationToken cancellationToken)
   at System.Net.Http.HttpConnectionPool.SendWithVersionDetectionAndRetryAsync(HttpRequestMessage request, Boolean async, Boolean doRequestAuth, CancellationToken cancellationToken)
   at System.Net.Http.AuthenticationHelper.SendWithAuthAsync(HttpRequestMessage request, Uri authUri, Boolean async, ICredentials credentials, Boolean preAuthenticate, Boolean isProxyAuth, Boolean doRequestAuth, HttpConnectionPool pool, CancellationToken cancellationToken)
   at System.Net.Http.RedirectHandler.SendAsync(HttpRequestMessage request, Boolean async, CancellationToken cancellationToken)
   at GitHub.Services.Common.RawHttpMessageHandler.SendAsync(HttpRequestMessage request, CancellationToken cancellationToken)
   at GitHub.Services.Common.VssHttpRetryMessageHandler.SendAsync(HttpRequestMessage request, CancellationToken cancellationToken)
   at System.Net.Http.HttpClient.<SendAsync>g__Core|83_0(HttpRequestMessage request, HttpCompletionOption completionOption, CancellationTokenSource cts, Boolean disposeCts, CancellationTokenSource pendingRequestsCts, CancellationToken originalCancellationToken)
   --- End of inner exception stack trace ---
   at System.Net.Http.HttpClient.HandleFailure(Exception e, Boolean telemetryStarted, HttpResponseMessage response, CancellationTokenSource cts, CancellationToken cancellationToken, CancellationTokenSource pendingRequestsCts)
   at System.Net.Http.HttpClient.<SendAsync>g__Core|83_0(HttpRequestMessage request, HttpCompletionOption completionOption, CancellationTokenSource cts, Boolean disposeCts, CancellationTokenSource pendingRequestsCts, CancellationToken originalCancellationToken)
   at Sdk.WebApi.WebApi.RawHttpClientBase.SendAsync(HttpRequestMessage message, HttpCompletionOption completionOption, Object userState, CancellationToken cancellationToken)
   at Sdk.WebApi.WebApi.RawHttpClientBase.SendAsync[T](HttpRequestMessage message, Boolean readErrorBody, Object userState, CancellationToken cancellationToken)
   at Sdk.WebApi.WebApi.RawHttpClientBase.SendAsync[T](HttpMethod method, IEnumerable`1 additionalHeaders, Uri requestUri, HttpContent content, IEnumerable`1 queryParameters, Boolean readErrorBody, Object userState, CancellationToken cancellationToken)
   at GitHub.Actions.RunService.WebApi.BrokerHttpClient.GetRunnerMessageAsync(Nullable`1 sessionId, String runnerVersion, Nullable`1 status, String os, String architecture, Nullable`1 disableUpdate, CancellationToken cancellationToken)
   at GitHub.Runner.Common.BrokerServer.<>c__DisplayClass7_0.<<GetRunnerMessageAsync>b__0>d.MoveNext()
--- End of stack trace from previous location ---
   at GitHub.Runner.Common.RunnerService.RetryRequest[T](Func`1 func, CancellationToken cancellationToken, Int32 maxAttempts, Func`2 shouldRetry)
[2026-06-18 01:11:16Z ERR  BrokerServer] #####################################################
[2026-06-18 01:11:16Z ERR  BrokerServer] System.Threading.Tasks.TaskCanceledException: The operation was canceled.
 ---> System.IO.IOException: Unable to read data from the transport connection: A operação de E/S foi anulada devido a uma saída de thread ou a uma requisição de aplicativo..
 ---> System.Net.Sockets.SocketException (995): A operação de E/S foi anulada devido a uma saída de thread ou a uma requisição de aplicativo.
   --- End of inner exception stack trace ---
   at System.Net.Sockets.Socket.AwaitableSocketAsyncEventArgs.ThrowException(SocketError error, CancellationToken cancellationToken)
   at System.Net.Sockets.Socket.AwaitableSocketAsyncEventArgs.System.Threading.Tasks.Sources.IValueTaskSource<System.Int32>.GetResult(Int16 token)
   at System.Net.Security.SslStream.EnsureFullTlsFrameAsync[TIOAdapter](CancellationToken cancellationToken, Int32 estimatedSize)
   at System.Runtime.CompilerServices.PoolingAsyncValueTaskMethodBuilder`1.StateMachineBox`1.System.Threading.Tasks.Sources.IValueTaskSource<TResult>.GetResult(Int16 token)
   at System.Net.Security.SslStream.ReadAsyncInternal[TIOAdapter](Memory`1 buffer, CancellationToken cancellationToken)
   at System.Runtime.CompilerServices.PoolingAsyncValueTaskMethodBuilder`1.StateMachineBox`1.System.Threading.Tasks.Sources.IValueTaskSource<TResult>.GetResult(Int16 token)
   at System.Net.Http.HttpConnection.SendAsync(HttpRequestMessage request, Boolean async, CancellationToken cancellationToken)
   --- End of inner exception stack trace ---
   at System.Net.Http.HttpConnection.SendAsync(HttpRequestMessage request, Boolean async, CancellationToken cancellationToken)
   at System.Net.Http.AuthenticationHelper.SendWithNtAuthAsync(HttpRequestMessage request, Uri authUri, Boolean async, ICredentials credentials, Boolean isProxyAuth, HttpConnection connection, HttpConnectionPool connectionPool, CancellationToken cancellationToken)
   at System.Net.Http.HttpConnectionPool.SendWithVersionDetectionAndRetryAsync(HttpRequestMessage request, Boolean async, Boolean doRequestAuth, CancellationToken cancellationToken)
   at System.Net.Http.AuthenticationHelper.SendWithAuthAsync(HttpRequestMessage request, Uri authUri, Boolean async, ICredentials credentials, Boolean preAuthenticate, Boolean isProxyAuth, Boolean doRequestAuth, HttpConnectionPool pool, CancellationToken cancellationToken)
   at System.Net.Http.RedirectHandler.SendAsync(HttpRequestMessage request, Boolean async, CancellationToken cancellationToken)
   at GitHub.Services.Common.RawHttpMessageHandler.SendAsync(HttpRequestMessage request, CancellationToken cancellationToken)
   at GitHub.Services.Common.VssHttpRetryMessageHandler.SendAsync(HttpRequestMessage request, CancellationToken cancellationToken)
   at System.Net.Http.HttpClient.<SendAsync>g__Core|83_0(HttpRequestMessage request, HttpCompletionOption completionOption, CancellationTokenSource cts, Boolean disposeCts, CancellationTokenSource pendingRequestsCts, CancellationToken originalCancellationToken)
[2026-06-18 01:11:16Z ERR  BrokerServer] #####################################################
[2026-06-18 01:11:16Z ERR  BrokerServer] System.IO.IOException: Unable to read data from the transport connection: A operação de E/S foi anulada devido a uma saída de thread ou a uma requisição de aplicativo..
 ---> System.Net.Sockets.SocketException (995): A operação de E/S foi anulada devido a uma saída de thread ou a uma requisição de aplicativo.
   --- End of inner exception stack trace ---
   at System.Net.Sockets.Socket.AwaitableSocketAsyncEventArgs.ThrowException(SocketError error, CancellationToken cancellationToken)
   at System.Net.Sockets.Socket.AwaitableSocketAsyncEventArgs.System.Threading.Tasks.Sources.IValueTaskSource<System.Int32>.GetResult(Int16 token)
   at System.Net.Security.SslStream.EnsureFullTlsFrameAsync[TIOAdapter](CancellationToken cancellationToken, Int32 estimatedSize)
   at System.Runtime.CompilerServices.PoolingAsyncValueTaskMethodBuilder`1.StateMachineBox`1.System.Threading.Tasks.Sources.IValueTaskSource<TResult>.GetResult(Int16 token)
   at System.Net.Security.SslStream.ReadAsyncInternal[TIOAdapter](Memory`1 buffer, CancellationToken cancellationToken)
   at System.Runtime.CompilerServices.PoolingAsyncValueTaskMethodBuilder`1.StateMachineBox`1.System.Threading.Tasks.Sources.IValueTaskSource<TResult>.GetResult(Int16 token)
   at System.Net.Http.HttpConnection.SendAsync(HttpRequestMessage request, Boolean async, CancellationToken cancellationToken)
[2026-06-18 01:11:16Z ERR  BrokerServer] #####################################################
[2026-06-18 01:11:16Z ERR  BrokerServer] System.Net.Sockets.SocketException (995): A operação de E/S foi anulada devido a uma saída de thread ou a uma requisição de aplicativo.
[2026-06-18 01:11:16Z WARN BrokerServer] Back off 7,969 seconds before next retry. 4 attempt left.
[2026-06-18 01:11:16Z INFO BrokerMessageListener] Get messages has been cancelled using local token source. Continue to get messages with new status.
